SF:C:\Users\BenoitSafari\.sources\digital-net-org\digital-api\Digital.Core.Api\Program.cs
FN:9,System.Void Digital.Core.Api.Program/<Main>d__0::MoveNext()
FNDA:9,System.Void Digital.Core.Api.Program/<Main>d__0::MoveNext()
DA:10,9
DA:11,9
DA:12,9
DA:13,9
DA:15,9
DA:16,9
DA:17,9
DA:18,9
DA:19,9
DA:20,9
DA:21,9
DA:22,9
DA:23,9
DA:25,9
DA:26,9
LF:15
LH:15
BRF:0
BRH:0
FNF:1
FNH:1
end_of_record
SF:C:\Users\BenoitSafari\.sources\digital-net-org\digital-api\Digital.Core.Api\ProgramBuilder.cs
FN:15,Microsoft.AspNetCore.Builder.WebApplication Digital.Core.Api.ProgramBuilder::Build(System.String[])
FNDA:9,Microsoft.AspNetCore.Builder.WebApplication Digital.Core.Api.ProgramBuilder::Build(System.String[])
DA:16,9
DA:17,9
DA:18,9
DA:19,9
DA:20,9
DA:21,9
DA:22,9
DA:23,9
DA:24,9
FN:26,Microsoft.AspNetCore.Builder.WebApplicationBuilder Digital.Core.Api.ProgramBuilder::AddApplicationServices(Microsoft.AspNetCore.Builder.WebApplicationBuilder)
FNDA:9,Microsoft.AspNetCore.Builder.WebApplicationBuilder Digital.Core.Api.ProgramBuilder::AddApplicationServices(Microsoft.AspNetCore.Builder.WebApplicationBuilder)
DA:27,9
DA:28,9
DA:29,9
DA:30,9
DA:31,9
FN:33,Microsoft.AspNetCore.Builder.WebApplicationBuilder Digital.Core.Api.ProgramBuilder::AddDataSeeds(Microsoft.AspNetCore.Builder.WebApplicationBuilder)
FNDA:9,Microsoft.AspNetCore.Builder.WebApplicationBuilder Digital.Core.Api.ProgramBuilder::AddDataSeeds(Microsoft.AspNetCore.Builder.WebApplicationBuilder)
DA:34,9
DA:35,9
DA:36,0
DA:37,9
DA:38,9
BRDA:35,8,0,0
BRDA:35,8,1,9
FN:40,Microsoft.AspNetCore.Builder.WebApplicationBuilder Digital.Core.Api.ProgramBuilder::AddCoreServices(Microsoft.AspNetCore.Builder.WebApplicationBuilder)
FNDA:9,Microsoft.AspNetCore.Builder.WebApplicationBuilder Digital.Core.Api.ProgramBuilder::AddCoreServices(Microsoft.AspNetCore.Builder.WebApplicationBuilder)
DA:41,9
DA:42,9
DA:43,9
DA:44,9
LF:23
LH:22
BRF:2
BRH:1
FNF:4
FNH:4
end_of_record
SF:C:\Users\BenoitSafari\.sources\digital-net-org\digital-api\Digital.Core.Api\Services\Users\UserService.cs
FN:15,System.Void Digital.Core.Api.Services.Users.UserService::.ctor(Digital.Lib.Net.Files.Services.IDocumentService,Digital.Lib.Net.Entities.Repositories.IRepository`2<Digital.Lib.Net.Entities.Models.Users.User,Digital.Lib.Net.Entities.Context.DigitalContext>,Digital.Lib.Net.Entities.Repositories.IRepository`2<Digital.Lib.Net.Entities.Models.Avatars.Avatar,Digital.Lib.Net.Entities.Context.DigitalContext>)
FNDA:4,System.Void Digital.Core.Api.Services.Users.UserService::.ctor(Digital.Lib.Net.Files.Services.IDocumentService,Digital.Lib.Net.Entities.Repositories.IRepository`2<Digital.Lib.Net.Entities.Models.Users.User,Digital.Lib.Net.Entities.Context.DigitalContext>,Digital.Lib.Net.Entities.Repositories.IRepository`2<Digital.Lib.Net.Entities.Models.Avatars.Avatar,Digital.Lib.Net.Entities.Context.DigitalContext>)
DA:16,4
DA:17,4
DA:18,4
DA:19,4
FN:52,System.Void Digital.Core.Api.Services.Users.UserService/<RemoveUserAvatar>d__6::MoveNext()
FNDA:0,System.Void Digital.Core.Api.Services.Users.UserService/<RemoveUserAvatar>d__6::MoveNext()
DA:53,0
DA:54,0
DA:55,0
DA:56,0
DA:57,0
DA:58,0
DA:59,0
DA:60,0
FN:62,System.Void Digital.Core.Api.Services.Users.UserService/<SaveAvatarAsync>d__7::MoveNext()
FNDA:0,System.Void Digital.Core.Api.Services.Users.UserService/<SaveAvatarAsync>d__7::MoveNext()
DA:63,0
DA:65,0
DA:66,0
DA:67,0
DA:68,0
DA:70,0
DA:71,0
DA:72,0
DA:73,0
DA:74,0
DA:75,0
DA:76,0
DA:77,0
DA:79,0
DA:80,0
FN:36,System.Void Digital.Core.Api.Services.Users.UserService/<UpdateAvatar>d__5::MoveNext()
FNDA:0,System.Void Digital.Core.Api.Services.Users.UserService/<UpdateAvatar>d__5::MoveNext()
DA:37,0
DA:38,0
DA:39,0
DA:40,0
DA:41,0
DA:43,0
DA:44,0
DA:45,0
DA:46,0
DA:47,0
DA:49,0
DA:50,0
BRDA:38,64,0,0
BRDA:38,64,1,0
BRDA:40,103,0,0
BRDA:40,103,1,0
BRDA:44,287,0,0
BRDA:44,287,1,0
BRDA:44,310,0,0
BRDA:44,310,1,0
BRDA:46,354,0,0
BRDA:46,354,1,0
FN:21,System.Void Digital.Core.Api.Services.Users.UserService/<UpdatePasswordAsync>d__4::MoveNext()
FNDA:3,System.Void Digital.Core.Api.Services.Users.UserService/<UpdatePasswordAsync>d__4::MoveNext()
DA:22,3
DA:23,3
DA:25,3
DA:26,1
DA:27,2
DA:28,1
DA:30,1
DA:31,1
DA:32,1
DA:33,1
DA:34,3
BRDA:25,51,0,1
BRDA:25,51,1,2
BRDA:27,96,0,1
BRDA:27,96,1,1
LF:50
LH:15
BRF:14
BRH:4
FNF:5
FNH:2
end_of_record
SF:C:\Users\BenoitSafari\.sources\digital-net-org\digital-api\Digital.Core.Api\Seeds\DevelopmentSeed.cs
FN:19,System.String Digital.Core.Api.Seeds.DevelopmentSeed::GenerateApiKey(Digital.Lib.Net.Entities.Models.Users.User)
FNDA:0,System.String Digital.Core.Api.Seeds.DevelopmentSeed::GenerateApiKey(Digital.Lib.Net.Entities.Models.Users.User)
DA:20,0
DA:21,0
FN:33,System.Collections.Generic.List`1<Digital.Lib.Net.Entities.Models.Users.User> Digital.Core.Api.Seeds.DevelopmentSeed::get_Users()
FNDA:0,System.Collections.Generic.List`1<Digital.Lib.Net.Entities.Models.Users.User> Digital.Core.Api.Seeds.DevelopmentSeed::get_Users()
DA:34,0
DA:35,0
DA:36,0
DA:37,0
DA:38,0
DA:39,0
DA:40,0
DA:41,0
DA:42,0
DA:43,0
FN:14,System.Void Digital.Core.Api.Seeds.DevelopmentSeed::.ctor(Microsoft.Extensions.Logging.ILogger`1<Digital.Core.Api.Seeds.DevelopmentSeed>,Digital.Lib.Net.Entities.Repositories.IRepository`2<Digital.Lib.Net.Entities.Models.ApiKeys.ApiKey,Digital.Lib.Net.Entities.Context.DigitalContext>,Digital.Lib.Net.Entities.Repositories.IRepository`2<Digital.Lib.Net.Entities.Models.Users.User,Digital.Lib.Net.Entities.Context.DigitalContext>)
FNDA:0,System.Void Digital.Core.Api.Seeds.DevelopmentSeed::.ctor(Microsoft.Extensions.Logging.ILogger`1<Digital.Core.Api.Seeds.DevelopmentSeed>,Digital.Lib.Net.Entities.Repositories.IRepository`2<Digital.Lib.Net.Entities.Models.ApiKeys.ApiKey,Digital.Lib.Net.Entities.Context.DigitalContext>,Digital.Lib.Net.Entities.Repositories.IRepository`2<Digital.Lib.Net.Entities.Models.Users.User,Digital.Lib.Net.Entities.Context.DigitalContext>)
DA:15,0
FN:28,Digital.Lib.Net.Entities.Models.ApiKeys.ApiKey Digital.Core.Api.Seeds.DevelopmentSeed/<>c::<ApplySeed>b__4_0(Digital.Lib.Net.Entities.Models.Users.User)
FNDA:0,Digital.Lib.Net.Entities.Models.ApiKeys.ApiKey Digital.Core.Api.Seeds.DevelopmentSeed/<>c::<ApplySeed>b__4_0(Digital.Lib.Net.Entities.Models.Users.User)
DA:29,0
FN:23,System.Void Digital.Core.Api.Seeds.DevelopmentSeed/<ApplySeed>d__4::MoveNext()
FNDA:0,System.Void Digital.Core.Api.Seeds.DevelopmentSeed/<ApplySeed>d__4::MoveNext()
DA:24,0
DA:25,0
DA:26,0
DA:27,0
DA:30,0
DA:31,0
BRDA:26,169,0,0
BRDA:26,169,1,0
BRDA:29,421,1,0
BRDA:29,421,0,0
LF:20
LH:0
BRF:4
BRH:0
FNF:5
FNH:0
end_of_record
SF:C:\Users\BenoitSafari\.sources\digital-net-org\digital-api\Digital.Core.Api\Controllers\RootController.cs
FN:12,Microsoft.AspNetCore.Mvc.ActionResult`1<Digital.Lib.Net.Core.Messages.Result`1<System.String>> Digital.Core.Api.Controllers.RootController::GetStatus()
FNDA:0,Microsoft.AspNetCore.Mvc.ActionResult`1<Digital.Lib.Net.Core.Messages.Result`1<System.String>> Digital.Core.Api.Controllers.RootController::GetStatus()
DA:13,0
FN:15,Microsoft.AspNetCore.Mvc.ActionResult`1<Digital.Lib.Net.Core.Messages.Result`1<System.String>> Digital.Core.Api.Controllers.RootController::GetVersion()
FNDA:2,Microsoft.AspNetCore.Mvc.ActionResult`1<Digital.Lib.Net.Core.Messages.Result`1<System.String>> Digital.Core.Api.Controllers.RootController::GetVersion()
DA:16,2
FN:8,System.Void Digital.Core.Api.Controllers.RootController::.ctor()
FNDA:2,System.Void Digital.Core.Api.Controllers.RootController::.ctor()
DA:9,2
DA:10,2
LF:4
LH:3
BRF:0
BRH:0
FNF:3
FNH:2
end_of_record
SF:C:\Users\BenoitSafari\.sources\digital-net-org\digital-api\Digital.Core.Api\Controllers\ValidationApi\ValidationController.cs
FN:10,Microsoft.AspNetCore.Mvc.ActionResult`1<System.String> Digital.Core.Api.Controllers.ValidationApi.ValidationController::GetEmailPattern()
FNDA:0,Microsoft.AspNetCore.Mvc.ActionResult`1<System.String> Digital.Core.Api.Controllers.ValidationApi.ValidationController::GetEmailPattern()
DA:11,0
FN:13,Microsoft.AspNetCore.Mvc.ActionResult`1<System.String> Digital.Core.Api.Controllers.ValidationApi.ValidationController::GetUsernamePattern()
FNDA:0,Microsoft.AspNetCore.Mvc.ActionResult`1<System.String> Digital.Core.Api.Controllers.ValidationApi.ValidationController::GetUsernamePattern()
DA:14,0
FN:16,Microsoft.AspNetCore.Mvc.ActionResult`1<System.String> Digital.Core.Api.Controllers.ValidationApi.ValidationController::GetPasswordPattern()
FNDA:0,Microsoft.AspNetCore.Mvc.ActionResult`1<System.String> Digital.Core.Api.Controllers.ValidationApi.ValidationController::GetPasswordPattern()
DA:17,0
FN:19,Microsoft.AspNetCore.Mvc.ActionResult`1<System.Int64> Digital.Core.Api.Controllers.ValidationApi.ValidationController::GetAvatarMaxSize()
FNDA:0,Microsoft.AspNetCore.Mvc.ActionResult`1<System.Int64> Digital.Core.Api.Controllers.ValidationApi.ValidationController::GetAvatarMaxSize()
DA:20,0
LF:4
LH:0
BRF:0
BRH:0
FNF:4
FNH:0
end_of_record
SF:C:\Users\BenoitSafari\.sources\digital-net-org\digital-api\Digital.Core.Api\Controllers\UserApi\UserController.cs
FN:21,System.Void Digital.Core.Api.Controllers.UserApi.UserController::.ctor(Digital.Lib.Net.Entities.Services.IEntityService`2<Digital.Lib.Net.Entities.Models.Users.User,Digital.Lib.Net.Entities.Context.DigitalContext>,Digital.Lib.Net.Authentication.Services.Authentication.IAuthenticationService,Digital.Core.Api.Services.Users.IUserService)
FNDA:4,System.Void Digital.Core.Api.Controllers.UserApi.UserController::.ctor(Digital.Lib.Net.Entities.Services.IEntityService`2<Digital.Lib.Net.Entities.Models.Users.User,Digital.Lib.Net.Entities.Context.DigitalContext>,Digital.Lib.Net.Authentication.Services.Authentication.IAuthenticationService,Digital.Core.Api.Services.Users.IUserService)
DA:22,4
FN:37,System.Void Digital.Core.Api.Controllers.UserApi.UserController/<Delete>d__5::MoveNext()
FNDA:0,System.Void Digital.Core.Api.Controllers.UserApi.UserController/<Delete>d__5::MoveNext()
DA:38,0
FN:74,System.Void Digital.Core.Api.Controllers.UserApi.UserController/<GetAuthorizedUser>d__9::MoveNext()
FNDA:3,System.Void Digital.Core.Api.Controllers.UserApi.UserController/<GetAuthorizedUser>d__9::MoveNext()
DA:75,3
DA:76,3
DA:77,3
DA:78,3
BRDA:77,152,0,0
BRDA:77,152,1,3
BRDA:77,174,0,3
BRDA:77,174,1,0
FN:25,System.Void Digital.Core.Api.Controllers.UserApi.UserController/<Patch>d__3::MoveNext()
FNDA:0,System.Void Digital.Core.Api.Controllers.UserApi.UserController/<Patch>d__3::MoveNext()
DA:26,0
DA:27,0
DA:28,0
DA:29,0
DA:31,0
DA:32,0
BRDA:28,175,0,0
BRDA:28,175,1,0
FN:34,System.Void Digital.Core.Api.Controllers.UserApi.UserController/<Post>d__4::MoveNext()
FNDA:0,System.Void Digital.Core.Api.Controllers.UserApi.UserController/<Post>d__4::MoveNext()
DA:35,0
FN:66,System.Void Digital.Core.Api.Controllers.UserApi.UserController/<RemoveAvatar>d__8::MoveNext()
FNDA:0,System.Void Digital.Core.Api.Controllers.UserApi.UserController/<RemoveAvatar>d__8::MoveNext()
DA:67,0
DA:68,0
DA:69,0
DA:70,0
DA:71,0
DA:72,0
BRDA:69,170,0,0
BRDA:69,170,1,0
FN:57,System.Void Digital.Core.Api.Controllers.UserApi.UserController/<UpdateAvatar>d__7::MoveNext()
FNDA:0,System.Void Digital.Core.Api.Controllers.UserApi.UserController/<UpdateAvatar>d__7::MoveNext()
DA:58,0
DA:59,0
DA:60,0
DA:61,0
DA:62,0
DA:63,0
BRDA:60,170,0,0
BRDA:60,170,1,0
FN:41,System.Void Digital.Core.Api.Controllers.UserApi.UserController/<UpdatePassword>d__6::MoveNext()
FNDA:3,System.Void Digital.Core.Api.Controllers.UserApi.UserController/<UpdatePassword>d__6::MoveNext()
DA:42,3
DA:43,3
DA:44,3
DA:45,0
DA:47,3
DA:48,3
DA:49,1
DA:50,2
DA:51,1
DA:53,1
DA:54,3
BRDA:44,170,0,0
BRDA:44,170,1,3
BRDA:48,370,0,1
BRDA:48,370,1,2
BRDA:50,412,0,1
BRDA:50,412,1,1
LF:36
LH:15
BRF:16
BRH:7
FNF:8
FNH:3
end_of_record
SF:C:\Users\BenoitSafari\.sources\digital-net-org\digital-api\Digital.Core.Api\Controllers\UserApi\UserPaginationController.cs
FN:18,System.Linq.Expressions.Expression`1<System.Func`2<Digital.Lib.Net.Entities.Models.Users.User,System.Boolean>> Digital.Core.Api.Controllers.UserApi.UserPaginationController::Filter(System.Linq.Expressions.Expression`1<System.Func`2<Digital.Lib.Net.Entities.Models.Users.User,System.Boolean>>,Digital.Core.Api.Controllers.UserApi.Dto.UserQuery)
FNDA:3,System.Linq.Expressions.Expression`1<System.Func`2<Digital.Lib.Net.Entities.Models.Users.User,System.Boolean>> Digital.Core.Api.Controllers.UserApi.UserPaginationController::Filter(System.Linq.Expressions.Expression`1<System.Func`2<Digital.Lib.Net.Entities.Models.Users.User,System.Boolean>>,Digital.Core.Api.Controllers.UserApi.Dto.UserQuery)
DA:19,3
DA:20,3
DA:21,1
DA:22,3
DA:23,0
DA:24,3
DA:25,1
DA:26,3
DA:27,3
BRDA:20,35,0,1
BRDA:20,35,1,3
BRDA:22,206,0,0
BRDA:22,206,1,3
BRDA:24,380,0,1
BRDA:24,380,1,3
FN:15,System.Void Digital.Core.Api.Controllers.UserApi.UserPaginationController::.ctor(Digital.Lib.Net.Entities.Repositories.IRepository`2<Digital.Lib.Net.Entities.Models.Users.User,Digital.Lib.Net.Entities.Context.DigitalContext>)
FNDA:3,System.Void Digital.Core.Api.Controllers.UserApi.UserPaginationController::.ctor(Digital.Lib.Net.Entities.Repositories.IRepository`2<Digital.Lib.Net.Entities.Models.Users.User,Digital.Lib.Net.Entities.Context.DigitalContext>)
DA:16,3
LF:10
LH:9
BRF:6
BRH:5
FNF:2
FNH:2
end_of_record
SF:C:\Users\BenoitSafari\.sources\digital-net-org\digital-api\Digital.Core.Api\Controllers\UserApi\Dto\UpdatePasswordPayload.cs
FN:4,System.String Digital.Core.Api.Controllers.UserApi.Dto.UserPasswordUpdatePayload::get_CurrentPassword()
FNDA:15,System.String Digital.Core.Api.Controllers.UserApi.Dto.UserPasswordUpdatePayload::get_CurrentPassword()
DA:5,15
FN:5,System.String Digital.Core.Api.Controllers.UserApi.Dto.UserPasswordUpdatePayload::get_NewPassword()
FNDA:15,System.String Digital.Core.Api.Controllers.UserApi.Dto.UserPasswordUpdatePayload::get_NewPassword()
DA:6,15
LF:2
LH:2
BRF:0
BRH:0
FNF:2
FNH:2
end_of_record
SF:C:\Users\BenoitSafari\.sources\digital-net-org\digital-api\Digital.Core.Api\Controllers\UserApi\Dto\UserQuery.cs
FN:6,System.String Digital.Core.Api.Controllers.UserApi.Dto.UserQuery::get_Username()
FNDA:13,System.String Digital.Core.Api.Controllers.UserApi.Dto.UserQuery::get_Username()
DA:7,13
FN:7,System.String Digital.Core.Api.Controllers.UserApi.Dto.UserQuery::get_Email()
FNDA:9,System.String Digital.Core.Api.Controllers.UserApi.Dto.UserQuery::get_Email()
DA:8,9
FN:8,System.Nullable`1<System.Boolean> Digital.Core.Api.Controllers.UserApi.Dto.UserQuery::get_IsActive()
FNDA:13,System.Nullable`1<System.Boolean> Digital.Core.Api.Controllers.UserApi.Dto.UserQuery::get_IsActive()
DA:9,13
LF:3
LH:3
BRF:0
BRH:0
FNF:3
FNH:3
end_of_record
SF:C:\Users\BenoitSafari\.sources\digital-net-org\digital-api\Digital.Core.Api\Controllers\AuthenticationApi\AuthenticationController.cs
FN:11,System.Void Digital.Core.Api.Controllers.AuthenticationApi.AuthenticationController::.ctor(Digital.Lib.Net.Authentication.Services.Authentication.IAuthenticationService)
FNDA:35,System.Void Digital.Core.Api.Controllers.AuthenticationApi.AuthenticationController::.ctor(Digital.Lib.Net.Authentication.Services.Authentication.IAuthenticationService)
DA:12,35
DA:13,35
DA:14,35
FN:20,System.Boolean Digital.Core.Api.Controllers.AuthenticationApi.AuthenticationController/<>c::<Login>b__2_0(Digital.Lib.Net.Core.Messages.ResultMessage)
FNDA:37,System.Boolean Digital.Core.Api.Controllers.AuthenticationApi.AuthenticationController/<>c::<Login>b__2_0(Digital.Lib.Net.Core.Messages.ResultMessage)
DA:21,37
FN:17,System.Void Digital.Core.Api.Controllers.AuthenticationApi.AuthenticationController/<Login>d__2::MoveNext()
FNDA:29,System.Void Digital.Core.Api.Controllers.AuthenticationApi.AuthenticationController/<Login>d__2::MoveNext()
DA:18,29
DA:19,29
DA:22,1
DA:23,28
DA:24,7
DA:25,21
DA:26,29
BRDA:21,218,0,1
BRDA:21,218,1,28
BRDA:23,255,0,21
BRDA:23,255,1,7
BRDA:23,278,0,7
BRDA:23,278,1,21
FN:36,System.Void Digital.Core.Api.Controllers.AuthenticationApi.AuthenticationController/<Logout>d__4::MoveNext()
FNDA:2,System.Void Digital.Core.Api.Controllers.AuthenticationApi.AuthenticationController/<Logout>d__4::MoveNext()
DA:37,2
DA:38,2
DA:39,2
DA:40,2
FN:43,System.Void Digital.Core.Api.Controllers.AuthenticationApi.AuthenticationController/<LogoutAll>d__5::MoveNext()
FNDA:1,System.Void Digital.Core.Api.Controllers.AuthenticationApi.AuthenticationController/<LogoutAll>d__5::MoveNext()
DA:44,1
DA:45,1
DA:46,1
DA:47,1
FN:29,System.Void Digital.Core.Api.Controllers.AuthenticationApi.AuthenticationController/<RefreshTokens>d__3::MoveNext()
FNDA:3,System.Void Digital.Core.Api.Controllers.AuthenticationApi.AuthenticationController/<RefreshTokens>d__3::MoveNext()
DA:30,3
DA:31,3
DA:32,3
DA:33,3
BRDA:32,156,0,1
BRDA:32,156,1,2
LF:23
LH:23
BRF:8
BRH:8
FNF:6
FNH:6
end_of_record
SF:C:\Users\BenoitSafari\.sources\digital-net-org\digital-api\Digital.Core.Api\Controllers\AuthenticationApi\Dto\LoginPayload.cs
FN:7,System.String Digital.Core.Api.Controllers.AuthenticationApi.Dto.LoginPayload::get_Login()
FNDA:203,System.String Digital.Core.Api.Controllers.AuthenticationApi.Dto.LoginPayload::get_Login()
DA:8,203
FN:10,System.String Digital.Core.Api.Controllers.AuthenticationApi.Dto.LoginPayload::get_Password()
FNDA:203,System.String Digital.Core.Api.Controllers.AuthenticationApi.Dto.LoginPayload::get_Password()
DA:11,203
LF:2
LH:2
BRF:0
BRH:0
FNF:2
FNH:2
end_of_record
SF:C:\Users\BenoitSafari\.sources\digital-net-org\digital-api\Digital.Lib\Digital.Lib.Net.Authentication\DigitalAuthenticationInjector.cs
FN:21,Microsoft.AspNetCore.Builder.WebApplicationBuilder Digital.Lib.Net.Authentication.DigitalAuthenticationInjector::AddDigitalAuthentication(Microsoft.AspNetCore.Builder.WebApplicationBuilder)
FNDA:9,Microsoft.AspNetCore.Builder.WebApplicationBuilder Digital.Lib.Net.Authentication.DigitalAuthenticationInjector::AddDigitalAuthentication(Microsoft.AspNetCore.Builder.WebApplicationBuilder)
DA:22,9
DA:23,9
DA:24,9
DA:25,9
DA:26,9
DA:27,9
DA:28,9
DA:29,9
DA:30,9
DA:31,9
DA:32,9
DA:33,9
DA:34,9
DA:35,9
DA:36,18
DA:37,9
DA:38,9
DA:39,9
DA:40,9
DA:41,9
DA:42,9
DA:43,9
DA:44,9
DA:45,9
LF:24
LH:24
BRF:0
BRH:0
FNF:1
FNH:1
end_of_record
SF:C:\Users\BenoitSafari\.sources\digital-net-org\digital-api\Digital.Lib\Digital.Lib.Net.Authentication\Services\PasswordUtils.cs
FN:16,System.Boolean Digital.Lib.Net.Authentication.Services.PasswordUtils::VerifyPassword(Digital.Lib.Net.Entities.Models.Users.User,System.String)
FNDA:31,System.Boolean Digital.Lib.Net.Authentication.Services.PasswordUtils::VerifyPassword(Digital.Lib.Net.Entities.Models.Users.User,System.String)
DA:17,31
FN:24,System.String Digital.Lib.Net.Authentication.Services.PasswordUtils::HashPassword(System.String)
FNDA:122,System.String Digital.Lib.Net.Authentication.Services.PasswordUtils::HashPassword(System.String)
DA:25,122
DA:26,122
DA:27,122
DA:28,122
LF:5
LH:5
BRF:0
BRH:0
FNF:2
FNH:2
end_of_record
SF:C:\Users\BenoitSafari\.sources\digital-net-org\digital-api\Digital.Lib\Digital.Lib.Net.Authentication\Services\Authorization\AuthorizationApiKeyService.cs
FN:18,System.String Digital.Lib.Net.Authentication.Services.Authorization.AuthorizationApiKeyService::GetRequestKey()
FNDA:10,System.String Digital.Lib.Net.Authentication.Services.Authorization.AuthorizationApiKeyService::GetRequestKey()
DA:19,10
FN:21,Digital.Lib.Net.Authentication.Models.AuthorizationResult Digital.Lib.Net.Authentication.Services.Authorization.AuthorizationApiKeyService::AuthorizeUser(System.String)
FNDA:10,Digital.Lib.Net.Authentication.Models.AuthorizationResult Digital.Lib.Net.Authentication.Services.Authorization.AuthorizationApiKeyService::AuthorizeUser(System.String)
DA:22,10
DA:23,10
DA:24,10
DA:25,7
DA:27,3
DA:28,3
DA:29,1
DA:31,2
DA:32,1
DA:34,1
DA:35,1
DA:36,0
DA:38,1
DA:39,1
DA:40,10
BRDA:24,33,0,7
BRDA:24,33,1,3
BRDA:28,214,0,1
BRDA:28,214,1,2
BRDA:31,254,0,1
BRDA:31,283,0,0
BRDA:31,283,1,1
BRDA:31,254,1,1
BRDA:31,309,0,1
BRDA:31,309,1,1
BRDA:35,486,0,0
BRDA:35,486,1,1
FN:11,System.Void Digital.Lib.Net.Authentication.Services.Authorization.AuthorizationApiKeyService::.ctor(Digital.Lib.Net.Entities.Repositories.IRepository`2<Digital.Lib.Net.Entities.Models.ApiKeys.ApiKey,Digital.Lib.Net.Entities.Context.DigitalContext>,Digital.Lib.Net.Entities.Repositories.IRepository`2<Digital.Lib.Net.Entities.Models.Users.User,Digital.Lib.Net.Entities.Context.DigitalContext>,Digital.Lib.Net.Mvc.Services.IHttpContextService,Digital.Lib.Net.Authentication.Options.IAuthenticationOptionService)
FNDA:10,System.Void Digital.Lib.Net.Authentication.Services.Authorization.AuthorizationApiKeyService::.ctor(Digital.Lib.Net.Entities.Repositories.IRepository`2<Digital.Lib.Net.Entities.Models.ApiKeys.ApiKey,Digital.Lib.Net.Entities.Context.DigitalContext>,Digital.Lib.Net.Entities.Repositories.IRepository`2<Digital.Lib.Net.Entities.Models.Users.User,Digital.Lib.Net.Entities.Context.DigitalContext>,Digital.Lib.Net.Mvc.Services.IHttpContextService,Digital.Lib.Net.Authentication.Options.IAuthenticationOptionService)
DA:12,10
DA:13,10
DA:14,10
DA:15,10
DA:16,10
DA:17,10
LF:22
LH:21
BRF:12
BRH:10
FNF:3
FNH:3
end_of_record
SF:C:\Users\BenoitSafari\.sources\digital-net-org\digital-api\Digital.Lib\Digital.Lib.Net.Authentication\Services\Authorization\AuthorizationJwtService.cs
FN:20,System.String Digital.Lib.Net.Authentication.Services.Authorization.AuthorizationJwtService::GetRequestKey()
FNDA:15,System.String Digital.Lib.Net.Authentication.Services.Authorization.AuthorizationJwtService::GetRequestKey()
DA:21,15
FN:23,Digital.Lib.Net.Authentication.Models.AuthorizationResult Digital.Lib.Net.Authentication.Services.Authorization.AuthorizationJwtService::AuthorizeUser(System.String)
FNDA:16,Digital.Lib.Net.Authentication.Models.AuthorizationResult Digital.Lib.Net.Authentication.Services.Authorization.AuthorizationJwtService::AuthorizeUser(System.String)
DA:24,16
DA:25,16
DA:26,16
DA:27,4
DA:29,12
DA:31,12
DA:32,12
DA:33,12
DA:34,12
DA:35,12
DA:36,12
DA:38,12
DA:39,12
DA:41,12
DA:42,0
DA:44,12
DA:45,12
DA:46,0
DA:47,0
DA:48,0
DA:49,0
DA:51,12
DA:52,16
BRDA:26,15,0,4
BRDA:26,15,1,12
BRDA:41,357,0,0
BRDA:41,357,1,12
FN:54,Digital.Lib.Net.Authentication.Models.AuthorizationResult Digital.Lib.Net.Authentication.Services.Authorization.AuthorizationJwtService::AuthorizeRefreshToken(System.String)
FNDA:3,Digital.Lib.Net.Authentication.Models.AuthorizationResult Digital.Lib.Net.Authentication.Services.Authorization.AuthorizationJwtService::AuthorizeRefreshToken(System.String)
DA:55,3
DA:56,3
DA:57,3
DA:58,3
DA:59,3
DA:60,3
DA:61,3
DA:62,3
BRDA:59,146,0,1
BRDA:59,146,1,2
FN:13,System.Void Digital.Lib.Net.Authentication.Services.Authorization.AuthorizationJwtService::.ctor(Digital.Lib.Net.Entities.Repositories.IRepository`2<Digital.Lib.Net.Entities.Models.Users.User,Digital.Lib.Net.Entities.Context.DigitalContext>,Digital.Lib.Net.Entities.Repositories.IRepository`2<Digital.Lib.Net.Entities.Models.ApiTokens.ApiToken,Digital.Lib.Net.Entities.Context.DigitalContext>,Digital.Lib.Net.Mvc.Services.IHttpContextService,Digital.Lib.Net.Authentication.Options.IAuthenticationOptionService)
FNDA:47,System.Void Digital.Lib.Net.Authentication.Services.Authorization.AuthorizationJwtService::.ctor(Digital.Lib.Net.Entities.Repositories.IRepository`2<Digital.Lib.Net.Entities.Models.Users.User,Digital.Lib.Net.Entities.Context.DigitalContext>,Digital.Lib.Net.Entities.Repositories.IRepository`2<Digital.Lib.Net.Entities.Models.ApiTokens.ApiToken,Digital.Lib.Net.Entities.Context.DigitalContext>,Digital.Lib.Net.Mvc.Services.IHttpContextService,Digital.Lib.Net.Authentication.Options.IAuthenticationOptionService)
DA:14,47
DA:15,47
DA:16,47
DA:17,47
DA:18,47
DA:19,47
LF:38
LH:33
BRF:6
BRH:5
FNF:4
FNH:4
end_of_record
SF:C:\Users\BenoitSafari\.sources\digital-net-org\digital-api\Digital.Lib\Digital.Lib.Net.Authentication\Services\Authorization\TokenContent.cs
FN:4,System.Guid Digital.Lib.Net.Authentication.Services.Authorization.TokenContent::get_Id()
FNDA:112,System.Guid Digital.Lib.Net.Authentication.Services.Authorization.TokenContent::get_Id()
DA:5,112
FN:5,System.String Digital.Lib.Net.Authentication.Services.Authorization.TokenContent::get_UserAgent()
FNDA:100,System.String Digital.Lib.Net.Authentication.Services.Authorization.TokenContent::get_UserAgent()
DA:6,100
FN:2,System.Void Digital.Lib.Net.Authentication.Services.Authorization.TokenContent::.ctor(System.Guid,System.String)
FNDA:56,System.Void Digital.Lib.Net.Authentication.Services.Authorization.TokenContent::.ctor(System.Guid,System.String)
DA:3,56
LF:3
LH:3
BRF:0
BRH:0
FNF:3
FNH:3
end_of_record
SF:C:\Users\BenoitSafari\.sources\digital-net-org\digital-api\Digital.Lib\Digital.Lib.Net.Authentication\Services\Authentication\AuthenticationJwtService.cs
FN:46,System.String Digital.Lib.Net.Authentication.Services.Authentication.AuthenticationJwtService::GenerateBearerToken(System.Guid)
FNDA:22,System.String Digital.Lib.Net.Authentication.Services.Authentication.AuthenticationJwtService::GenerateBearerToken(System.Guid)
DA:47,22
DA:48,22
DA:49,22
DA:50,22
FN:52,System.String Digital.Lib.Net.Authentication.Services.Authentication.AuthenticationJwtService::GenerateRefreshToken(System.Guid)
FNDA:22,System.String Digital.Lib.Net.Authentication.Services.Authentication.AuthenticationJwtService::GenerateRefreshToken(System.Guid)
DA:53,22
DA:54,22
DA:55,22
DA:56,22
DA:58,22
DA:59,22
DA:60,22
DA:62,22
DA:63,22
FN:65,System.String Digital.Lib.Net.Authentication.Services.Authentication.AuthenticationJwtService::SignToken(Digital.Lib.Net.Authentication.Services.Authorization.TokenContent,System.DateTime)
FNDA:44,System.String Digital.Lib.Net.Authentication.Services.Authentication.AuthenticationJwtService::SignToken(Digital.Lib.Net.Authentication.Services.Authorization.TokenContent,System.DateTime)
DA:66,44
DA:67,44
DA:68,44
DA:69,44
DA:70,44
DA:71,44
DA:72,44
DA:73,44
DA:74,44
DA:75,44
DA:76,44
DA:77,44
DA:78,44
DA:79,44
DA:80,44
DA:81,44
FN:83,System.Void Digital.Lib.Net.Authentication.Services.Authentication.AuthenticationJwtService::HandleMaxConcurrentSessions(System.Guid)
FNDA:22,System.Void Digital.Lib.Net.Authentication.Services.Authentication.AuthenticationJwtService::HandleMaxConcurrentSessions(System.Guid)
DA:84,22
DA:85,22
DA:86,22
DA:87,22
DA:88,22
DA:90,22
DA:91,21
DA:93,1
DA:94,5
DA:95,1
DA:97,5
DA:98,1
DA:99,1
DA:100,1
DA:101,1
DA:102,22
BRDA:90,242,1,1
BRDA:97,347,1,1
BRDA:97,347,0,1
BRDA:90,242,0,22
FN:13,System.Void Digital.Lib.Net.Authentication.Services.Authentication.AuthenticationJwtService::.ctor(Digital.Lib.Net.Authentication.Options.IAuthenticationOptionService,Digital.Lib.Net.Entities.Repositories.IRepository`2<Digital.Lib.Net.Entities.Models.ApiTokens.ApiToken,Digital.Lib.Net.Entities.Context.DigitalContext>,Digital.Lib.Net.Mvc.Services.IHttpContextService)
FNDA:39,System.Void Digital.Lib.Net.Authentication.Services.Authentication.AuthenticationJwtService::.ctor(Digital.Lib.Net.Authentication.Options.IAuthenticationOptionService,Digital.Lib.Net.Entities.Repositories.IRepository`2<Digital.Lib.Net.Entities.Models.ApiTokens.ApiToken,Digital.Lib.Net.Entities.Context.DigitalContext>,Digital.Lib.Net.Mvc.Services.IHttpContextService)
DA:14,39
DA:15,39
DA:16,39
DA:17,39
DA:18,39
FN:33,System.Void Digital.Lib.Net.Authentication.Services.Authentication.AuthenticationJwtService/<RevokeAllTokensAsync>d__5::MoveNext()
FNDA:1,System.Void Digital.Lib.Net.Authentication.Services.Authentication.AuthenticationJwtService/<RevokeAllTokensAsync>d__5::MoveNext()
DA:34,1
DA:35,1
DA:36,1
DA:37,1
DA:39,7
DA:40,2
DA:41,2
DA:42,2
DA:43,2
DA:44,1
BRDA:39,384,1,2
BRDA:39,384,0,1
FN:20,System.Void Digital.Lib.Net.Authentication.Services.Authentication.AuthenticationJwtService/<RevokeTokenAsync>d__4::MoveNext()
FNDA:3,System.Void Digital.Lib.Net.Authentication.Services.Authentication.AuthenticationJwtService/<RevokeTokenAsync>d__4::MoveNext()
DA:21,3
DA:22,3
DA:23,3
DA:24,3
DA:26,3
DA:27,0
DA:29,3
DA:30,3
DA:31,3
BRDA:26,182,0,0
BRDA:26,182,1,3
LF:69
LH:68
BRF:8
BRH:7
FNF:7
FNH:7
end_of_record
SF:C:\Users\BenoitSafari\.sources\digital-net-org\digital-api\Digital.Lib\Digital.Lib.Net.Authentication\Services\Authentication\AuthenticationService.cs
FN:30,System.Nullable`1<System.Guid> Digital.Lib.Net.Authentication.Services.Authentication.AuthenticationService::GetAuthenticatedUserId()
FNDA:5,System.Nullable`1<System.Guid> Digital.Lib.Net.Authentication.Services.Authentication.AuthenticationService::GetAuthenticatedUserId()
DA:31,5
DA:32,5
DA:33,5
BRDA:31,17,0,0
BRDA:31,17,1,5
FN:34,Digital.Lib.Net.Entities.Models.Users.User Digital.Lib.Net.Authentication.Services.Authentication.AuthenticationService::GetAuthenticatedUser()
FNDA:0,Digital.Lib.Net.Entities.Models.Users.User Digital.Lib.Net.Authentication.Services.Authentication.AuthenticationService::GetAuthenticatedUser()
DA:35,0
FN:18,System.Void Digital.Lib.Net.Authentication.Services.Authentication.AuthenticationService::.ctor(Digital.Lib.Net.Mvc.Services.IHttpContextService,Digital.Lib.Net.Authentication.Options.IAuthenticationOptionService,Digital.Lib.Net.Authentication.Services.Authentication.IAuthenticationJwtService,Digital.Lib.Net.Authentication.Services.Authorization.IAuthorizationJwtService,Digital.Lib.Net.Events.Services.IEventService,Digital.Lib.Net.Entities.Repositories.IRepository`2<Digital.Lib.Net.Entities.Models.Users.User,Digital.Lib.Net.Entities.Context.DigitalContext>,Digital.Lib.Net.Entities.Repositories.IRepository`2<Digital.Lib.Net.Entities.Models.ApiTokens.ApiToken,Digital.Lib.Net.Entities.Context.DigitalContext>,Digital.Lib.Net.Entities.Repositories.IRepository`2<Digital.Lib.Net.Entities.Models.Events.Event,Digital.Lib.Net.Entities.Context.DigitalContext>)
FNDA:39,System.Void Digital.Lib.Net.Authentication.Services.Authentication.AuthenticationService::.ctor(Digital.Lib.Net.Mvc.Services.IHttpContextService,Digital.Lib.Net.Authentication.Options.IAuthenticationOptionService,Digital.Lib.Net.Authentication.Services.Authentication.IAuthenticationJwtService,Digital.Lib.Net.Authentication.Services.Authorization.IAuthorizationJwtService,Digital.Lib.Net.Events.Services.IEventService,Digital.Lib.Net.Entities.Repositories.IRepository`2<Digital.Lib.Net.Entities.Models.Users.User,Digital.Lib.Net.Entities.Context.DigitalContext>,Digital.Lib.Net.Entities.Repositories.IRepository`2<Digital.Lib.Net.Entities.Models.ApiTokens.ApiToken,Digital.Lib.Net.Entities.Context.DigitalContext>,Digital.Lib.Net.Entities.Repositories.IRepository`2<Digital.Lib.Net.Entities.Models.Events.Event,Digital.Lib.Net.Entities.Context.DigitalContext>)
DA:19,39
DA:20,39
DA:21,39
DA:22,39
DA:23,39
DA:24,39
DA:25,39
DA:26,39
DA:27,39
DA:28,39
FN:36,System.Void Digital.Lib.Net.Authentication.Services.Authentication.AuthenticationService/<GetAuthenticatedUserAsync>d__11::MoveNext()
FNDA:3,System.Void Digital.Lib.Net.Authentication.Services.Authentication.AuthenticationService/<GetAuthenticatedUserAsync>d__11::MoveNext()
DA:37,3
FN:39,System.Void Digital.Lib.Net.Authentication.Services.Authentication.AuthenticationService/<GetLoginAttemptCountAsync>d__12::MoveNext()
FNDA:29,System.Void Digital.Lib.Net.Authentication.Services.Authentication.AuthenticationService/<GetLoginAttemptCountAsync>d__12::MoveNext()
DA:40,29
DA:41,29
DA:42,0
DA:43,29
DA:44,29
DA:45,29
DA:46,29
DA:47,29
DA:48,29
DA:49,29
DA:50,29
DA:51,29
DA:52,29
BRDA:41,79,0,0
BRDA:41,79,1,29
FN:72,System.Void Digital.Lib.Net.Authentication.Services.Authentication.AuthenticationService/<LoginAsync>d__14::MoveNext()
FNDA:29,System.Void Digital.Lib.Net.Authentication.Services.Authentication.AuthenticationService/<LoginAsync>d__14::MoveNext()
DA:73,29
DA:74,29
DA:75,29
DA:76,29
DA:78,29
DA:80,29
DA:81,29
DA:82,29
DA:83,29
DA:84,29
DA:85,29
DA:86,29
DA:88,29
DA:89,8
DA:91,21
DA:92,21
DA:93,21
DA:94,21
DA:95,21
DA:96,21
DA:97,21
DA:98,29
BRDA:76,186,0,21
BRDA:76,186,1,8
BRDA:80,255,0,0
BRDA:80,255,1,29
BRDA:88,399,0,8
BRDA:88,399,1,21
FN:140,System.Void Digital.Lib.Net.Authentication.Services.Authentication.AuthenticationService/<LogoutAllAsync>d__17::MoveNext()
FNDA:1,System.Void Digital.Lib.Net.Authentication.Services.Authentication.AuthenticationService/<LogoutAllAsync>d__17::MoveNext()
DA:141,1
DA:142,1
DA:143,1
DA:144,1
DA:145,1
DA:146,0
DA:148,1
DA:149,1
DA:151,1
DA:152,1
DA:153,1
DA:154,1
DA:155,1
DA:156,1
DA:157,1
DA:158,1
BRDA:144,225,0,0
BRDA:144,225,1,1
BRDA:145,272,0,0
BRDA:145,272,1,1
FN:121,System.Void Digital.Lib.Net.Authentication.Services.Authentication.AuthenticationService/<LogoutAsync>d__16::MoveNext()
FNDA:2,System.Void Digital.Lib.Net.Authentication.Services.Authentication.AuthenticationService/<LogoutAsync>d__16::MoveNext()
DA:122,2
DA:123,2
DA:124,2
DA:125,2
DA:126,0
DA:128,2
DA:129,2
DA:131,2
DA:132,2
DA:133,2
DA:134,2
DA:135,2
DA:136,2
DA:137,2
DA:138,2
BRDA:125,99,0,0
BRDA:125,99,1,2
FN:100,System.Void Digital.Lib.Net.Authentication.Services.Authentication.AuthenticationService/<RefreshTokensAsync>d__15::MoveNext()
FNDA:3,System.Void Digital.Lib.Net.Authentication.Services.Authentication.AuthenticationService/<RefreshTokensAsync>d__15::MoveNext()
DA:101,3
DA:102,3
DA:103,3
DA:105,3
DA:106,3
DA:107,3
DA:108,2
DA:110,1
DA:112,1
DA:113,1
DA:114,1
DA:115,1
DA:116,1
DA:117,1
DA:118,1
DA:119,3
BRDA:107,136,0,2
BRDA:107,136,1,1
FN:54,System.Void Digital.Lib.Net.Authentication.Services.Authentication.AuthenticationService/<ValidateCredentialsAsync>d__13::MoveNext()
FNDA:29,System.Void Digital.Lib.Net.Authentication.Services.Authentication.AuthenticationService/<ValidateCredentialsAsync>d__13::MoveNext()
DA:55,29
DA:56,29
DA:57,29
DA:58,29
DA:59,29
DA:61,29
DA:62,1
DA:63,29
DA:64,0
DA:65,29
DA:66,1
DA:67,28
DA:68,7
DA:69,29
DA:70,29
BRDA:61,493,0,1
BRDA:61,493,1,29
BRDA:63,530,0,0
BRDA:63,530,1,29
BRDA:65,574,0,1
BRDA:65,574,1,28
BRDA:67,624,0,7
BRDA:67,624,1,29
LF:112
LH:107
BRF:26
BRH:19
FNF:10
FNH:9
end_of_record
SF:C:\Users\BenoitSafari\.sources\digital-net-org\digital-api\Digital.Lib\Digital.Lib.Net.Authentication\Options\AuthenticationOptions.cs
FN:6,Digital.Lib.Net.Authentication.Options.Config.ApiKeyConfig Digital.Lib.Net.Authentication.Options.AuthenticationOptions::get_ApiKeyConfig()
FNDA:28,Digital.Lib.Net.Authentication.Options.Config.ApiKeyConfig Digital.Lib.Net.Authentication.Options.AuthenticationOptions::get_ApiKeyConfig()
DA:7,28
FN:12,Digital.Lib.Net.Authentication.Options.AuthenticationOptions Digital.Lib.Net.Authentication.Options.AuthenticationOptions::SetApiKeyOptions(Digital.Lib.Net.Authentication.Options.Config.ApiKeyConfig)
FNDA:9,Digital.Lib.Net.Authentication.Options.AuthenticationOptions Digital.Lib.Net.Authentication.Options.AuthenticationOptions::SetApiKeyOptions(Digital.Lib.Net.Authentication.Options.Config.ApiKeyConfig)
DA:13,9
DA:14,9
DA:15,9
DA:16,9
FN:17,Digital.Lib.Net.Authentication.Options.Config.JwtTokenConfig Digital.Lib.Net.Authentication.Options.AuthenticationOptions::get_JwtTokenConfig()
FNDA:161,Digital.Lib.Net.Authentication.Options.Config.JwtTokenConfig Digital.Lib.Net.Authentication.Options.AuthenticationOptions::get_JwtTokenConfig()
DA:18,161
FN:23,Digital.Lib.Net.Authentication.Options.AuthenticationOptions Digital.Lib.Net.Authentication.Options.AuthenticationOptions::SetJwtTokenOptions(Digital.Lib.Net.Authentication.Options.Config.JwtTokenConfig)
FNDA:9,Digital.Lib.Net.Authentication.Options.AuthenticationOptions Digital.Lib.Net.Authentication.Options.AuthenticationOptions::SetJwtTokenOptions(Digital.Lib.Net.Authentication.Options.Config.JwtTokenConfig)
DA:24,9
DA:25,9
DA:26,9
DA:27,9
LF:10
LH:10
BRF:0
BRH:0
FNF:4
FNH:4
end_of_record
SF:C:\Users\BenoitSafari\.sources\digital-net-org\digital-api\Digital.Lib\Digital.Lib.Net.Authentication\Options\AuthenticationOptionService.cs
FN:12,System.String Digital.Lib.Net.Authentication.Options.AuthenticationOptionService::get_CookieName()
FNDA:31,System.String Digital.Lib.Net.Authentication.Options.AuthenticationOptionService::get_CookieName()
DA:13,31
FN:13,System.String Digital.Lib.Net.Authentication.Options.AuthenticationOptionService::get_ApiKeyHeaderAccessor()
FNDA:10,System.String Digital.Lib.Net.Authentication.Options.AuthenticationOptionService::get_ApiKeyHeaderAccessor()
DA:14,10
FN:16,System.TimeSpan Digital.Lib.Net.Authentication.Options.AuthenticationOptionService::GetMaxLoginAttemptsThreshold()
FNDA:29,System.TimeSpan Digital.Lib.Net.Authentication.Options.AuthenticationOptionService::GetMaxLoginAttemptsThreshold()
DA:17,29
FN:19,System.DateTime Digital.Lib.Net.Authentication.Options.AuthenticationOptionService::GetRefreshTokenExpirationDate(System.Nullable`1<System.DateTime>)
FNDA:44,System.DateTime Digital.Lib.Net.Authentication.Options.AuthenticationOptionService::GetRefreshTokenExpirationDate(System.Nullable`1<System.DateTime>)
DA:20,44
BRDA:20,9,0,44
BRDA:20,9,1,0
FN:22,System.DateTime Digital.Lib.Net.Authentication.Options.AuthenticationOptionService::GetBearerTokenExpirationDate(System.Nullable`1<System.DateTime>)
FNDA:22,System.DateTime Digital.Lib.Net.Authentication.Options.AuthenticationOptionService::GetBearerTokenExpirationDate(System.Nullable`1<System.DateTime>)
DA:23,22
BRDA:23,9,0,22
BRDA:23,9,1,0
FN:24,Microsoft.IdentityModel.Tokens.TokenValidationParameters Digital.Lib.Net.Authentication.Options.AuthenticationOptionService::GetTokenParameters()
FNDA:56,Microsoft.IdentityModel.Tokens.TokenValidationParameters Digital.Lib.Net.Authentication.Options.AuthenticationOptionService::GetTokenParameters()
DA:25,56
DA:26,56
DA:27,56
DA:28,56
DA:29,56
DA:30,56
DA:31,56
DA:32,56
DA:33,56
DA:34,56
FN:7,System.Void Digital.Lib.Net.Authentication.Options.AuthenticationOptionService::.ctor(Microsoft.Extensions.Options.IOptions`1<Digital.Lib.Net.Authentication.Options.AuthenticationOptions>,Digital.Lib.Net.Sdk.Services.Options.IAppOptionService)
FNDA:48,System.Void Digital.Lib.Net.Authentication.Options.AuthenticationOptionService::.ctor(Microsoft.Extensions.Options.IOptions`1<Digital.Lib.Net.Authentication.Options.AuthenticationOptions>,Digital.Lib.Net.Sdk.Services.Options.IAppOptionService)
DA:8,48
DA:9,48
DA:10,48
DA:11,48
LF:19
LH:19
BRF:4
BRH:2
FNF:7
FNH:7
end_of_record
SF:C:\Users\BenoitSafari\.sources\digital-net-org\digital-api\Digital.Lib\Digital.Lib.Net.Authentication\Options\Config\ApiKeyConfig.cs
FN:4,System.String Digital.Lib.Net.Authentication.Options.Config.ApiKeyConfig::get_HeaderAccessor()
FNDA:37,System.String Digital.Lib.Net.Authentication.Options.Config.ApiKeyConfig::get_HeaderAccessor()
DA:5,37
LF:1
LH:1
BRF:0
BRH:0
FNF:1
FNH:1
end_of_record
SF:C:\Users\BenoitSafari\.sources\digital-net-org\digital-api\Digital.Lib\Digital.Lib.Net.Authentication\Options\Config\JwtTokenConfig.cs
FN:7,System.String Digital.Lib.Net.Authentication.Options.Config.JwtTokenConfig::get_Issuer()
FNDA:83,System.String Digital.Lib.Net.Authentication.Options.Config.JwtTokenConfig::get_Issuer()
DA:8,83
FN:12,System.String Digital.Lib.Net.Authentication.Options.Config.JwtTokenConfig::get_Audience()
FNDA:83,System.String Digital.Lib.Net.Authentication.Options.Config.JwtTokenConfig::get_Audience()
DA:13,83
FN:17,System.String Digital.Lib.Net.Authentication.Options.Config.JwtTokenConfig::get_CookieName()
FNDA:58,System.String Digital.Lib.Net.Authentication.Options.Config.JwtTokenConfig::get_CookieName()
DA:18,58
LF:3
LH:3
BRF:0
BRH:0
FNF:3
FNH:3
end_of_record
SF:C:\Users\BenoitSafari\.sources\digital-net-org\digital-api\Digital.Lib\Digital.Lib.Net.Authentication\Models\AuthorizationResult.cs
FN:6,System.Guid Digital.Lib.Net.Authentication.Models.AuthorizationResult::get_UserId()
FNDA:197,System.Guid Digital.Lib.Net.Authentication.Models.AuthorizationResult::get_UserId()
DA:7,197
FN:7,System.Boolean Digital.Lib.Net.Authentication.Models.AuthorizationResult::get_IsForbidden()
FNDA:103,System.Boolean Digital.Lib.Net.Authentication.Models.AuthorizationResult::get_IsForbidden()
DA:8,103
FN:8,System.Boolean Digital.Lib.Net.Authentication.Models.AuthorizationResult::get_IsAuthorized()
FNDA:136,System.Boolean Digital.Lib.Net.Authentication.Models.AuthorizationResult::get_IsAuthorized()
DA:9,136
FN:10,System.Void Digital.Lib.Net.Authentication.Models.AuthorizationResult::Forbid()
FNDA:0,System.Void Digital.Lib.Net.Authentication.Models.AuthorizationResult::Forbid()
DA:11,0
FN:13,System.Void Digital.Lib.Net.Authentication.Models.AuthorizationResult::Authorize(System.Guid)
FNDA:13,System.Void Digital.Lib.Net.Authentication.Models.AuthorizationResult::Authorize(System.Guid)
DA:14,13
DA:15,13
DA:16,13
DA:17,13
DA:18,13
FN:20,Digital.Lib.Net.Authentication.Models.AuthorizationResult Digital.Lib.Net.Authentication.Models.AuthorizationResult::Merge(Digital.Lib.Net.Core.Messages.Result)
FNDA:37,Digital.Lib.Net.Authentication.Models.AuthorizationResult Digital.Lib.Net.Authentication.Models.AuthorizationResult::Merge(Digital.Lib.Net.Core.Messages.Result)
DA:21,37
DA:22,37
DA:23,37
DA:24,37
DA:25,37
DA:26,37
DA:27,37
DA:28,37
DA:29,37
DA:30,37
BRDA:23,22,0,37
BRDA:27,68,0,13
BRDA:27,68,1,24
BRDA:23,22,1,37
FN:32,Digital.Lib.Net.Authentication.Models.AuthorizationResult Digital.Lib.Net.Authentication.Models.AuthorizationResult::AddError(System.Exception)
FNDA:15,Digital.Lib.Net.Authentication.Models.AuthorizationResult Digital.Lib.Net.Authentication.Models.AuthorizationResult::AddError(System.Exception)
DA:33,15
DA:34,15
DA:35,15
DA:36,15
LF:23
LH:22
BRF:4
BRH:4
FNF:7
FNH:6
end_of_record
SF:C:\Users\BenoitSafari\.sources\digital-net-org\digital-api\Digital.Lib\Digital.Lib.Net.Authentication\Extensions\AuthorizationFilterResult.cs
FN:9,Digital.Lib.Net.Core.Messages.Result Digital.Lib.Net.Authentication.Extensions.AuthorizationFilterResult::RejectAuthorization(Microsoft.AspNetCore.Mvc.Filters.AuthorizationFilterContext,System.Int32)
FNDA:4,Digital.Lib.Net.Core.Messages.Result Digital.Lib.Net.Authentication.Extensions.AuthorizationFilterResult::RejectAuthorization(Microsoft.AspNetCore.Mvc.Filters.AuthorizationFilterContext,System.Int32)
DA:10,4
DA:11,4
DA:12,4
DA:13,4
DA:14,4
DA:15,4
LF:6
LH:6
BRF:0
BRH:0
FNF:1
FNH:1
end_of_record
SF:C:\Users\BenoitSafari\.sources\digital-net-org\digital-api\Digital.Lib\Digital.Lib.Net.Authentication\Exceptions\ExpiredTokenException.cs
FN:4,System.Void Digital.Lib.Net.Authentication.Exceptions.ExpiredTokenException::.ctor()
FNDA:1,System.Void Digital.Lib.Net.Authentication.Exceptions.ExpiredTokenException::.ctor()
DA:5,1
LF:1
LH:1
BRF:0
BRH:0
FNF:1
FNH:1
end_of_record
SF:C:\Users\BenoitSafari\.sources\digital-net-org\digital-api\Digital.Lib\Digital.Lib.Net.Authentication\Exceptions\InactiveUserException.cs
FN:4,System.Void Digital.Lib.Net.Authentication.Exceptions.InactiveUserException::.ctor()
FNDA:1,System.Void Digital.Lib.Net.Authentication.Exceptions.InactiveUserException::.ctor()
DA:5,1
LF:1
LH:1
BRF:0
BRH:0
FNF:1
FNH:1
end_of_record
SF:C:\Users\BenoitSafari\.sources\digital-net-org\digital-api\Digital.Lib\Digital.Lib.Net.Authentication\Exceptions\InvalidCredentialsException.cs
FN:4,System.Void Digital.Lib.Net.Authentication.Exceptions.InvalidCredentialsException::.ctor()
FNDA:8,System.Void Digital.Lib.Net.Authentication.Exceptions.InvalidCredentialsException::.ctor()
DA:5,8
LF:1
LH:1
BRF:0
BRH:0
FNF:1
FNH:1
end_of_record
SF:C:\Users\BenoitSafari\.sources\digital-net-org\digital-api\Digital.Lib\Digital.Lib.Net.Authentication\Exceptions\InvalidTokenException.cs
FN:4,System.Void Digital.Lib.Net.Authentication.Exceptions.InvalidTokenException::.ctor()
FNDA:3,System.Void Digital.Lib.Net.Authentication.Exceptions.InvalidTokenException::.ctor()
DA:5,3
LF:1
LH:1
BRF:0
BRH:0
FNF:1
FNH:1
end_of_record
SF:C:\Users\BenoitSafari\.sources\digital-net-org\digital-api\Digital.Lib\Digital.Lib.Net.Authentication\Exceptions\PasswordMalformedException.cs
FN:4,System.Void Digital.Lib.Net.Authentication.Exceptions.PasswordMalformedException::.ctor()
FNDA:1,System.Void Digital.Lib.Net.Authentication.Exceptions.PasswordMalformedException::.ctor()
DA:5,1
LF:1
LH:1
BRF:0
BRH:0
FNF:1
FNH:1
end_of_record
SF:C:\Users\BenoitSafari\.sources\digital-net-org\digital-api\Digital.Lib\Digital.Lib.Net.Authentication\Exceptions\TokenNotFoundException.cs
FN:4,System.Void Digital.Lib.Net.Authentication.Exceptions.TokenNotFoundException::.ctor()
FNDA:11,System.Void Digital.Lib.Net.Authentication.Exceptions.TokenNotFoundException::.ctor()
DA:5,11
LF:1
LH:1
BRF:0
BRH:0
FNF:1
FNH:1
end_of_record
SF:C:\Users\BenoitSafari\.sources\digital-net-org\digital-api\Digital.Lib\Digital.Lib.Net.Authentication\Exceptions\TooManyAttemptsException.cs
FN:4,System.Void Digital.Lib.Net.Authentication.Exceptions.TooManyAttemptsException::.ctor()
FNDA:9,System.Void Digital.Lib.Net.Authentication.Exceptions.TooManyAttemptsException::.ctor()
DA:5,9
LF:1
LH:1
BRF:0
BRH:0
FNF:1
FNH:1
end_of_record
SF:C:\Users\BenoitSafari\.sources\digital-net-org\digital-api\Digital.Lib\Digital.Lib.Net.Authentication\Exceptions\UnauthorizedException.cs
FN:4,System.Void Digital.Lib.Net.Authentication.Exceptions.UnauthorizedException::.ctor()
FNDA:0,System.Void Digital.Lib.Net.Authentication.Exceptions.UnauthorizedException::.ctor()
DA:5,0
LF:1
LH:0
BRF:0
BRH:0
FNF:1
FNH:0
end_of_record
SF:C:\Users\BenoitSafari\.sources\digital-net-org\digital-api\Digital.Lib\Digital.Lib.Net.Authentication\Attributes\Authorize.cs
FN:19,Digital.Lib.Net.Authentication.Attributes.AuthorizeType Digital.Lib.Net.Authentication.Attributes.AuthorizeAttribute::get_Type()
FNDA:176,Digital.Lib.Net.Authentication.Attributes.AuthorizeType Digital.Lib.Net.Authentication.Attributes.AuthorizeAttribute::get_Type()
DA:20,176
FN:22,System.Void Digital.Lib.Net.Authentication.Attributes.AuthorizeAttribute::OnAuthorization(Microsoft.AspNetCore.Mvc.Filters.AuthorizationFilterContext)
FNDA:16,System.Void Digital.Lib.Net.Authentication.Attributes.AuthorizeAttribute::OnAuthorization(Microsoft.AspNetCore.Mvc.Filters.AuthorizationFilterContext)
DA:23,16
DA:24,16
DA:26,16
DA:27,10
DA:28,16
DA:29,15
DA:31,16
DA:32,4
DA:33,4
DA:34,4
DA:37,12
DA:38,12
DA:39,0
DA:40,0
DA:41,0
DA:44,12
DA:45,12
DA:46,16
BRDA:26,31,0,10
BRDA:26,31,1,16
BRDA:28,69,0,16
BRDA:28,69,1,0
BRDA:28,85,0,15
BRDA:28,85,1,16
BRDA:31,102,0,16
BRDA:31,102,1,0
BRDA:31,120,0,4
BRDA:31,120,1,12
BRDA:38,153,0,12
BRDA:38,153,1,0
BRDA:38,168,0,0
BRDA:38,168,1,12
FN:47,Digital.Lib.Net.Authentication.Models.AuthorizationResult Digital.Lib.Net.Authentication.Attributes.AuthorizeAttribute::AuthorizeRole(Microsoft.AspNetCore.Mvc.Filters.AuthorizationFilterContext,Digital.Lib.Net.Authentication.Models.AuthorizationResult)
FNDA:12,Digital.Lib.Net.Authentication.Models.AuthorizationResult Digital.Lib.Net.Authentication.Attributes.AuthorizeAttribute::AuthorizeRole(Microsoft.AspNetCore.Mvc.Filters.AuthorizationFilterContext,Digital.Lib.Net.Authentication.Models.AuthorizationResult)
DA:48,12
FN:50,Digital.Lib.Net.Authentication.Models.AuthorizationResult Digital.Lib.Net.Authentication.Attributes.AuthorizeAttribute::AuthorizeApiKey(Microsoft.AspNetCore.Mvc.Filters.AuthorizationFilterContext)
FNDA:10,Digital.Lib.Net.Authentication.Models.AuthorizationResult Digital.Lib.Net.Authentication.Attributes.AuthorizeAttribute::AuthorizeApiKey(Microsoft.AspNetCore.Mvc.Filters.AuthorizationFilterContext)
DA:51,10
DA:52,10
DA:53,10
DA:54,10
DA:55,10
FN:57,Digital.Lib.Net.Authentication.Models.AuthorizationResult Digital.Lib.Net.Authentication.Attributes.AuthorizeAttribute::AuthorizeJwt(Microsoft.AspNetCore.Mvc.Filters.AuthorizationFilterContext)
FNDA:15,Digital.Lib.Net.Authentication.Models.AuthorizationResult Digital.Lib.Net.Authentication.Attributes.AuthorizeAttribute::AuthorizeJwt(Microsoft.AspNetCore.Mvc.Filters.AuthorizationFilterContext)
DA:58,15
DA:59,15
DA:60,15
DA:61,15
DA:62,15
FN:17,System.Void Digital.Lib.Net.Authentication.Attributes.AuthorizeAttribute::.ctor(Digital.Lib.Net.Authentication.Attributes.AuthorizeType)
FNDA:144,System.Void Digital.Lib.Net.Authentication.Attributes.AuthorizeAttribute::.ctor(Digital.Lib.Net.Authentication.Attributes.AuthorizeType)
DA:18,144
LF:31
LH:28
BRF:14
BRH:10
FNF:6
FNH:6
end_of_record
SF:C:\Users\BenoitSafari\.sources\digital-net-org\digital-api\Digital.Lib\Digital.Lib.Net.Core\obj\Debug\net9.0\System.Text.RegularExpressions.Generator\System.Text.RegularExpressions.Generator.RegexGenerator\RegexGenerator.g.cs
FN:159,System.Void System.Text.RegularExpressions.Generated.<RegexGenerator_g>FCDDAC93D8B865D3B44BD1D12C4D11C3040EC70CE3B02496D0D885F993C7D695C__MyRegex_0::.ctor()
FNDA:1,System.Void System.Text.RegularExpressions.Generated.<RegexGenerator_g>FCDDAC93D8B865D3B44BD1D12C4D11C3040EC70CE3B02496D0D885F993C7D695C__MyRegex_0::.ctor()
DA:160,1
DA:161,1
DA:162,1
DA:163,1
DA:164,1
DA:165,1
DA:166,1
DA:167,1
DA:168,1
FN:156,System.Void System.Text.RegularExpressions.Generated.<RegexGenerator_g>FCDDAC93D8B865D3B44BD1D12C4D11C3040EC70CE3B02496D0D885F993C7D695C__MyRegex_0::.cctor()
FNDA:1,System.Void System.Text.RegularExpressions.Generated.<RegexGenerator_g>FCDDAC93D8B865D3B44BD1D12C4D11C3040EC70CE3B02496D0D885F993C7D695C__MyRegex_0::.cctor()
DA:157,1
FN:173,System.Text.RegularExpressions.RegexRunner System.Text.RegularExpressions.Generated.<RegexGenerator_g>FCDDAC93D8B865D3B44BD1D12C4D11C3040EC70CE3B02496D0D885F993C7D695C__MyRegex_0/RunnerFactory::CreateInstance()
FNDA:1,System.Text.RegularExpressions.RegexRunner System.Text.RegularExpressions.Generated.<RegexGenerator_g>FCDDAC93D8B865D3B44BD1D12C4D11C3040EC70CE3B02496D0D885F993C7D695C__MyRegex_0/RunnerFactory::CreateInstance()
DA:174,1
FN:181,System.Void System.Text.RegularExpressions.Generated.<RegexGenerator_g>FCDDAC93D8B865D3B44BD1D12C4D11C3040EC70CE3B02496D0D885F993C7D695C__MyRegex_0/RunnerFactory/Runner::Scan(System.ReadOnlySpan`1<System.Char>)
FNDA:122,System.Void System.Text.RegularExpressions.Generated.<RegexGenerator_g>FCDDAC93D8B865D3B44BD1D12C4D11C3040EC70CE3B02496D0D885F993C7D695C__MyRegex_0/RunnerFactory/Runner::Scan(System.ReadOnlySpan`1<System.Char>)
DA:182,122
DA:184,156
DA:185,156
DA:186,156
DA:187,34
DA:188,34
DA:189,34
DA:190,0
DA:191,0
DA:192,0
DA:193,34
DA:194,122
BRDA:184,78,1,34
BRDA:189,25,0,0
BRDA:189,25,1,34
BRDA:184,44,0,122
BRDA:184,53,0,34
BRDA:184,44,1,122
BRDA:184,53,1,122
BRDA:184,78,0,122
FN:199,System.Boolean System.Text.RegularExpressions.Generated.<RegexGenerator_g>FCDDAC93D8B865D3B44BD1D12C4D11C3040EC70CE3B02496D0D885F993C7D695C__MyRegex_0/RunnerFactory/Runner::TryFindNextPossibleStartingPosition(System.ReadOnlySpan`1<System.Char>)
FNDA:156,System.Boolean System.Text.RegularExpressions.Generated.<RegexGenerator_g>FCDDAC93D8B865D3B44BD1D12C4D11C3040EC70CE3B02496D0D885F993C7D695C__MyRegex_0/RunnerFactory/Runner::TryFindNextPossibleStartingPosition(System.ReadOnlySpan`1<System.Char>)
DA:200,156
DA:201,156
DA:204,156
DA:205,156
DA:208,156
DA:209,156
DA:210,122
DA:211,122
DA:212,122
DA:214,34
DA:217,34
DA:218,34
DA:219,156
BRDA:204,20,0,156
BRDA:209,50,0,122
BRDA:209,50,1,34
BRDA:204,20,1,34
FN:224,System.Boolean System.Text.RegularExpressions.Generated.<RegexGenerator_g>FCDDAC93D8B865D3B44BD1D12C4D11C3040EC70CE3B02496D0D885F993C7D695C__MyRegex_0/RunnerFactory/Runner::TryMatchAtCurrentPosition(System.ReadOnlySpan`1<System.Char>)
FNDA:122,System.Boolean System.Text.RegularExpressions.Generated.<RegexGenerator_g>FCDDAC93D8B865D3B44BD1D12C4D11C3040EC70CE3B02496D0D885F993C7D695C__MyRegex_0/RunnerFactory/Runner::TryMatchAtCurrentPosition(System.ReadOnlySpan`1<System.Char>)
DA:225,122
DA:226,122
DA:227,122
DA:228,122
DA:229,122
DA:232,122
DA:233,122
DA:234,122
DA:235,122
DA:236,0
DA:237,0
DA:238,0
DA:241,122
DA:242,88
DA:243,88
DA:246,34
DA:247,34
DA:249,88
DA:250,88
DA:251,88
DA:252,88
DA:255,88
DA:256,88
DA:259,88
DA:260,0
DA:261,0
DA:262,0
DA:265,88
DA:266,88
DA:267,88
DA:268,88
DA:271,88
DA:272,88
DA:273,88
DA:284,122
BRDA:235,43,0,0
BRDA:235,43,1,122
BRDA:241,62,0,88
BRDA:241,62,1,34
BRDA:259,104,0,88
BRDA:259,104,1,0
BRDA:259,130,0,0
BRDA:259,130,1,88
FN:277,System.Void System.Text.RegularExpressions.Generated.<RegexGenerator_g>FCDDAC93D8B865D3B44BD1D12C4D11C3040EC70CE3B02496D0D885F993C7D695C__MyRegex_0/RunnerFactory/Runner::<TryMatchAtCurrentPosition>g__UncaptureUntil|2_0(System.Int32)
FNDA:34,System.Void System.Text.RegularExpressions.Generated.<RegexGenerator_g>FCDDAC93D8B865D3B44BD1D12C4D11C3040EC70CE3B02496D0D885F993C7D695C__MyRegex_0/RunnerFactory/Runner::<TryMatchAtCurrentPosition>g__UncaptureUntil|2_0(System.Int32)
DA:278,34
DA:279,34
DA:280,0
DA:281,0
DA:282,0
DA:283,34
BRDA:279,23,1,0
BRDA:279,23,0,34
FN:297,System.Void System.Text.RegularExpressions.Generated.<RegexGenerator_g>FCDDAC93D8B865D3B44BD1D12C4D11C3040EC70CE3B02496D0D885F993C7D695C__UsernameRegex_1::.ctor()
FNDA:0,System.Void System.Text.RegularExpressions.Generated.<RegexGenerator_g>FCDDAC93D8B865D3B44BD1D12C4D11C3040EC70CE3B02496D0D885F993C7D695C__UsernameRegex_1::.ctor()
DA:298,0
DA:299,0
DA:300,0
DA:301,0
DA:302,0
DA:303,0
DA:304,0
DA:305,0
DA:306,0
FN:294,System.Void System.Text.RegularExpressions.Generated.<RegexGenerator_g>FCDDAC93D8B865D3B44BD1D12C4D11C3040EC70CE3B02496D0D885F993C7D695C__UsernameRegex_1::.cctor()
FNDA:0,System.Void System.Text.RegularExpressions.Generated.<RegexGenerator_g>FCDDAC93D8B865D3B44BD1D12C4D11C3040EC70CE3B02496D0D885F993C7D695C__UsernameRegex_1::.cctor()
DA:295,0
FN:311,System.Text.RegularExpressions.RegexRunner System.Text.RegularExpressions.Generated.<RegexGenerator_g>FCDDAC93D8B865D3B44BD1D12C4D11C3040EC70CE3B02496D0D885F993C7D695C__UsernameRegex_1/RunnerFactory::CreateInstance()
FNDA:0,System.Text.RegularExpressions.RegexRunner System.Text.RegularExpressions.Generated.<RegexGenerator_g>FCDDAC93D8B865D3B44BD1D12C4D11C3040EC70CE3B02496D0D885F993C7D695C__UsernameRegex_1/RunnerFactory::CreateInstance()
DA:312,0
FN:319,System.Void System.Text.RegularExpressions.Generated.<RegexGenerator_g>FCDDAC93D8B865D3B44BD1D12C4D11C3040EC70CE3B02496D0D885F993C7D695C__UsernameRegex_1/RunnerFactory/Runner::Scan(System.ReadOnlySpan`1<System.Char>)
FNDA:0,System.Void System.Text.RegularExpressions.Generated.<RegexGenerator_g>FCDDAC93D8B865D3B44BD1D12C4D11C3040EC70CE3B02496D0D885F993C7D695C__UsernameRegex_1/RunnerFactory/Runner::Scan(System.ReadOnlySpan`1<System.Char>)
DA:320,0
DA:322,0
DA:323,0
DA:324,0
DA:325,0
DA:326,0
BRDA:322,8,0,0
BRDA:322,8,1,0
BRDA:322,25,0,0
BRDA:322,25,1,0
FN:331,System.Boolean System.Text.RegularExpressions.Generated.<RegexGenerator_g>FCDDAC93D8B865D3B44BD1D12C4D11C3040EC70CE3B02496D0D885F993C7D695C__UsernameRegex_1/RunnerFactory/Runner::TryFindNextPossibleStartingPosition(System.ReadOnlySpan`1<System.Char>)
FNDA:0,System.Boolean System.Text.RegularExpressions.Generated.<RegexGenerator_g>FCDDAC93D8B865D3B44BD1D12C4D11C3040EC70CE3B02496D0D885F993C7D695C__UsernameRegex_1/RunnerFactory/Runner::TryFindNextPossibleStartingPosition(System.ReadOnlySpan`1<System.Char>)
DA:332,0
DA:333,0
DA:336,0
DA:337,0
DA:339,0
DA:340,0
DA:341,0
DA:343,0
DA:346,0
DA:347,0
DA:348,0
BRDA:336,25,0,0
BRDA:339,34,0,0
BRDA:339,34,1,0
BRDA:336,25,1,0
FN:353,System.Boolean System.Text.RegularExpressions.Generated.<RegexGenerator_g>FCDDAC93D8B865D3B44BD1D12C4D11C3040EC70CE3B02496D0D885F993C7D695C__UsernameRegex_1/RunnerFactory/Runner::TryMatchAtCurrentPosition(System.ReadOnlySpan`1<System.Char>)
FNDA:0,System.Boolean System.Text.RegularExpressions.Generated.<RegexGenerator_g>FCDDAC93D8B865D3B44BD1D12C4D11C3040EC70CE3B02496D0D885F993C7D695C__UsernameRegex_1/RunnerFactory/Runner::TryMatchAtCurrentPosition(System.ReadOnlySpan`1<System.Char>)
DA:354,0
DA:355,0
DA:356,0
DA:358,0
DA:361,0
DA:362,0
DA:363,0
DA:367,0
DA:368,0
DA:369,0
DA:370,0
DA:371,0
DA:372,0
DA:374,0
DA:375,0
DA:376,0
DA:379,0
DA:380,0
DA:381,0
DA:384,0
DA:385,0
DA:386,0
DA:390,0
DA:391,0
DA:392,0
DA:393,0
BRDA:361,27,0,0
BRDA:361,27,1,0
BRDA:369,121,1,0
BRDA:369,56,0,0
BRDA:369,67,0,0
BRDA:369,83,0,0
BRDA:369,83,1,0
BRDA:369,56,1,0
BRDA:369,67,1,0
BRDA:369,121,0,0
BRDA:374,132,0,0
BRDA:374,132,1,0
BRDA:384,166,0,0
BRDA:384,176,0,0
BRDA:384,176,1,0
BRDA:384,166,1,0
BRDA:384,204,0,0
BRDA:384,204,1,0
FN:406,System.Void System.Text.RegularExpressions.Generated.<RegexGenerator_g>FCDDAC93D8B865D3B44BD1D12C4D11C3040EC70CE3B02496D0D885F993C7D695C__EmailRegex_2::.ctor()
FNDA:0,System.Void System.Text.RegularExpressions.Generated.<RegexGenerator_g>FCDDAC93D8B865D3B44BD1D12C4D11C3040EC70CE3B02496D0D885F993C7D695C__EmailRegex_2::.ctor()
DA:407,0
DA:408,0
DA:409,0
DA:410,0
DA:411,0
DA:412,0
DA:413,0
DA:414,0
DA:415,0
FN:403,System.Void System.Text.RegularExpressions.Generated.<RegexGenerator_g>FCDDAC93D8B865D3B44BD1D12C4D11C3040EC70CE3B02496D0D885F993C7D695C__EmailRegex_2::.cctor()
FNDA:0,System.Void System.Text.RegularExpressions.Generated.<RegexGenerator_g>FCDDAC93D8B865D3B44BD1D12C4D11C3040EC70CE3B02496D0D885F993C7D695C__EmailRegex_2::.cctor()
DA:404,0
FN:420,System.Text.RegularExpressions.RegexRunner System.Text.RegularExpressions.Generated.<RegexGenerator_g>FCDDAC93D8B865D3B44BD1D12C4D11C3040EC70CE3B02496D0D885F993C7D695C__EmailRegex_2/RunnerFactory::CreateInstance()
FNDA:0,System.Text.RegularExpressions.RegexRunner System.Text.RegularExpressions.Generated.<RegexGenerator_g>FCDDAC93D8B865D3B44BD1D12C4D11C3040EC70CE3B02496D0D885F993C7D695C__EmailRegex_2/RunnerFactory::CreateInstance()
DA:421,0
FN:428,System.Void System.Text.RegularExpressions.Generated.<RegexGenerator_g>FCDDAC93D8B865D3B44BD1D12C4D11C3040EC70CE3B02496D0D885F993C7D695C__EmailRegex_2/RunnerFactory/Runner::Scan(System.ReadOnlySpan`1<System.Char>)
FNDA:0,System.Void System.Text.RegularExpressions.Generated.<RegexGenerator_g>FCDDAC93D8B865D3B44BD1D12C4D11C3040EC70CE3B02496D0D885F993C7D695C__EmailRegex_2/RunnerFactory/Runner::Scan(System.ReadOnlySpan`1<System.Char>)
DA:429,0
DA:431,0
DA:432,0
DA:433,0
DA:434,0
DA:435,0
BRDA:431,8,0,0
BRDA:431,8,1,0
BRDA:431,25,0,0
BRDA:431,25,1,0
FN:440,System.Boolean System.Text.RegularExpressions.Generated.<RegexGenerator_g>FCDDAC93D8B865D3B44BD1D12C4D11C3040EC70CE3B02496D0D885F993C7D695C__EmailRegex_2/RunnerFactory/Runner::TryFindNextPossibleStartingPosition(System.ReadOnlySpan`1<System.Char>)
FNDA:0,System.Boolean System.Text.RegularExpressions.Generated.<RegexGenerator_g>FCDDAC93D8B865D3B44BD1D12C4D11C3040EC70CE3B02496D0D885F993C7D695C__EmailRegex_2/RunnerFactory/Runner::TryFindNextPossibleStartingPosition(System.ReadOnlySpan`1<System.Char>)
DA:441,0
DA:442,0
DA:445,0
DA:446,0
DA:448,0
DA:449,0
DA:450,0
DA:452,0
DA:455,0
DA:456,0
DA:457,0
BRDA:445,25,0,0
BRDA:448,34,0,0
BRDA:448,34,1,0
BRDA:445,25,1,0
FN:462,System.Boolean System.Text.RegularExpressions.Generated.<RegexGenerator_g>FCDDAC93D8B865D3B44BD1D12C4D11C3040EC70CE3B02496D0D885F993C7D695C__EmailRegex_2/RunnerFactory/Runner::TryMatchAtCurrentPosition(System.ReadOnlySpan`1<System.Char>)
FNDA:0,System.Boolean System.Text.RegularExpressions.Generated.<RegexGenerator_g>FCDDAC93D8B865D3B44BD1D12C4D11C3040EC70CE3B02496D0D885F993C7D695C__EmailRegex_2/RunnerFactory/Runner::TryMatchAtCurrentPosition(System.ReadOnlySpan`1<System.Char>)
DA:463,0
DA:464,0
DA:465,0
DA:466,0
DA:467,0
DA:470,0
DA:471,0
DA:472,0
DA:476,0
DA:477,0
DA:478,0
DA:479,0
DA:480,0
DA:481,0
DA:483,0
DA:484,0
DA:485,0
DA:488,0
DA:489,0
DA:490,0
DA:493,0
DA:494,0
DA:495,0
DA:500,0
DA:501,0
DA:502,0
DA:504,0
DA:505,0
DA:506,0
DA:507,0
DA:508,0
DA:510,0
DA:511,0
DA:512,0
DA:515,0
DA:516,0
DA:518,0
DA:519,0
DA:520,0
DA:522,0
DA:524,0
DA:525,0
DA:526,0
DA:527,0
DA:529,0
DA:530,0
DA:531,0
DA:532,0
DA:534,0
DA:535,0
DA:536,0
DA:538,0
DA:542,0
DA:543,0
DA:544,0
DA:548,0
DA:549,0
DA:550,0
DA:551,0
DA:552,0
DA:553,0
DA:555,0
DA:556,0
DA:557,0
DA:560,0
DA:561,0
DA:562,0
DA:565,0
DA:566,0
DA:567,0
DA:571,0
DA:572,0
DA:573,0
DA:574,0
DA:575,0
BRDA:470,32,0,0
BRDA:470,32,1,0
BRDA:478,67,0,0
BRDA:478,67,1,0
BRDA:483,89,0,0
BRDA:483,89,1,0
BRDA:493,124,0,0
BRDA:493,124,1,0
BRDA:493,149,0,0
BRDA:493,149,1,0
BRDA:505,199,0,0
BRDA:505,199,1,0
BRDA:510,221,0,0
BRDA:510,221,1,0
BRDA:524,266,0,0
BRDA:524,266,1,0
BRDA:529,279,0,0
BRDA:529,279,1,0
BRDA:529,311,0,0
BRDA:529,311,1,0
BRDA:542,346,0,0
BRDA:542,346,1,0
BRDA:542,371,0,0
BRDA:542,371,1,0
BRDA:550,406,0,0
BRDA:550,406,1,0
BRDA:555,430,0,0
BRDA:555,430,1,0
BRDA:565,463,0,0
BRDA:565,473,0,0
BRDA:565,473,1,0
BRDA:565,463,1,0
BRDA:565,501,0,0
BRDA:565,501,1,0
FN:588,System.Void System.Text.RegularExpressions.Generated.<RegexGenerator_g>FCDDAC93D8B865D3B44BD1D12C4D11C3040EC70CE3B02496D0D885F993C7D695C__PasswordRegex_3::.ctor()
FNDA:1,System.Void System.Text.RegularExpressions.Generated.<RegexGenerator_g>FCDDAC93D8B865D3B44BD1D12C4D11C3040EC70CE3B02496D0D885F993C7D695C__PasswordRegex_3::.ctor()
DA:589,1
DA:590,1
DA:591,1
DA:592,1
DA:593,1
DA:594,1
DA:595,1
DA:596,1
DA:597,1
FN:585,System.Void System.Text.RegularExpressions.Generated.<RegexGenerator_g>FCDDAC93D8B865D3B44BD1D12C4D11C3040EC70CE3B02496D0D885F993C7D695C__PasswordRegex_3::.cctor()
FNDA:1,System.Void System.Text.RegularExpressions.Generated.<RegexGenerator_g>FCDDAC93D8B865D3B44BD1D12C4D11C3040EC70CE3B02496D0D885F993C7D695C__PasswordRegex_3::.cctor()
DA:586,1
FN:602,System.Text.RegularExpressions.RegexRunner System.Text.RegularExpressions.Generated.<RegexGenerator_g>FCDDAC93D8B865D3B44BD1D12C4D11C3040EC70CE3B02496D0D885F993C7D695C__PasswordRegex_3/RunnerFactory::CreateInstance()
FNDA:1,System.Text.RegularExpressions.RegexRunner System.Text.RegularExpressions.Generated.<RegexGenerator_g>FCDDAC93D8B865D3B44BD1D12C4D11C3040EC70CE3B02496D0D885F993C7D695C__PasswordRegex_3/RunnerFactory::CreateInstance()
DA:603,1
FN:610,System.Void System.Text.RegularExpressions.Generated.<RegexGenerator_g>FCDDAC93D8B865D3B44BD1D12C4D11C3040EC70CE3B02496D0D885F993C7D695C__PasswordRegex_3/RunnerFactory/Runner::Scan(System.ReadOnlySpan`1<System.Char>)
FNDA:2,System.Void System.Text.RegularExpressions.Generated.<RegexGenerator_g>FCDDAC93D8B865D3B44BD1D12C4D11C3040EC70CE3B02496D0D885F993C7D695C__PasswordRegex_3/RunnerFactory/Runner::Scan(System.ReadOnlySpan`1<System.Char>)
DA:611,2
DA:613,2
DA:614,1
DA:615,1
DA:616,1
DA:617,2
BRDA:613,8,0,2
BRDA:613,8,1,0
BRDA:613,25,0,1
BRDA:613,25,1,2
FN:622,System.Boolean System.Text.RegularExpressions.Generated.<RegexGenerator_g>FCDDAC93D8B865D3B44BD1D12C4D11C3040EC70CE3B02496D0D885F993C7D695C__PasswordRegex_3/RunnerFactory/Runner::TryFindNextPossibleStartingPosition(System.ReadOnlySpan`1<System.Char>)
FNDA:2,System.Boolean System.Text.RegularExpressions.Generated.<RegexGenerator_g>FCDDAC93D8B865D3B44BD1D12C4D11C3040EC70CE3B02496D0D885F993C7D695C__PasswordRegex_3/RunnerFactory/Runner::TryFindNextPossibleStartingPosition(System.ReadOnlySpan`1<System.Char>)
DA:623,2
DA:624,2
DA:627,2
DA:628,2
DA:630,2
DA:631,2
DA:632,2
DA:634,0
DA:637,0
DA:638,0
DA:639,2
BRDA:627,26,0,2
BRDA:630,35,0,2
BRDA:630,35,1,0
BRDA:627,26,1,0
FN:644,System.Boolean System.Text.RegularExpressions.Generated.<RegexGenerator_g>FCDDAC93D8B865D3B44BD1D12C4D11C3040EC70CE3B02496D0D885F993C7D695C__PasswordRegex_3/RunnerFactory/Runner::TryMatchAtCurrentPosition(System.ReadOnlySpan`1<System.Char>)
FNDA:2,System.Boolean System.Text.RegularExpressions.Generated.<RegexGenerator_g>FCDDAC93D8B865D3B44BD1D12C4D11C3040EC70CE3B02496D0D885F993C7D695C__PasswordRegex_3/RunnerFactory/Runner::TryMatchAtCurrentPosition(System.ReadOnlySpan`1<System.Char>)
DA:645,2
DA:646,2
DA:647,2
DA:649,4
DA:650,4
DA:651,4
DA:652,4
DA:653,4
DA:654,2
DA:655,2
DA:658,2
DA:659,0
DA:660,0
DA:664,2
DA:665,2
DA:667,2
DA:668,0
DA:669,0
DA:670,0
DA:672,2
DA:676,2
DA:678,2
DA:679,2
DA:680,2
DA:681,2
DA:682,2
DA:684,2
DA:685,2
DA:687,2
DA:688,2
DA:690,2
DA:692,2
DA:693,0
DA:694,0
DA:695,0
DA:697,2
DA:698,2
DA:699,0
DA:700,0
DA:702,2
DA:703,2
DA:704,2
DA:706,4
DA:710,4
DA:711,2
DA:712,2
DA:715,2
DA:717,2
DA:718,2
DA:719,2
DA:722,2
DA:723,2
DA:725,2
DA:726,0
DA:727,0
DA:728,0
DA:730,2
DA:734,2
DA:736,2
DA:737,2
DA:738,2
DA:739,2
DA:740,2
DA:742,2
DA:743,2
DA:745,2
DA:746,2
DA:748,2
DA:750,2
DA:751,0
DA:752,0
DA:753,0
DA:755,2
DA:756,2
DA:757,1
DA:758,1
DA:760,1
DA:761,1
DA:762,1
DA:764,3
DA:768,3
DA:769,2
DA:770,2
DA:773,1
DA:775,1
DA:776,1
DA:777,1
DA:780,1
DA:781,1
DA:783,1
DA:784,0
DA:785,0
DA:786,0
DA:788,1
DA:792,1
DA:794,1
DA:795,1
DA:796,1
DA:797,1
DA:798,1
DA:800,1
DA:801,1
DA:803,1
DA:804,1
DA:806,19
DA:808,19
DA:809,0
DA:810,0
DA:811,0
DA:813,19
DA:814,0
DA:815,0
DA:817,19
DA:818,19
DA:820,20
DA:824,20
DA:825,19
DA:826,19
DA:829,1
DA:831,1
DA:832,1
DA:833,1
DA:836,1
DA:837,1
DA:839,1
DA:840,0
DA:841,0
DA:842,0
DA:844,1
DA:848,1
DA:850,1
DA:851,1
DA:852,1
DA:853,1
DA:854,1
DA:856,1
DA:857,1
DA:859,1
DA:860,1
DA:862,1
DA:864,1
DA:865,0
DA:866,0
DA:867,0
DA:869,1
DA:870,0
DA:871,0
DA:873,1
DA:874,1
DA:876,2
DA:880,2
DA:881,1
DA:882,1
DA:885,1
DA:887,1
DA:888,1
DA:889,1
DA:893,1
DA:895,1
DA:896,24
DA:897,23
DA:898,23
DA:899,23
DA:901,1
DA:902,0
DA:903,0
DA:906,1
DA:907,1
DA:909,1
DA:910,1
DA:911,1
DA:913,0
DA:915,0
DA:916,0
DA:917,0
DA:918,0
DA:920,0
DA:921,0
DA:922,0
DA:924,0
DA:925,0
DA:927,1
DA:931,1
DA:932,0
DA:933,0
DA:937,1
DA:938,1
DA:939,1
DA:940,2
BRDA:658,60,0,0
BRDA:658,60,1,2
BRDA:667,84,0,0
BRDA:667,84,1,2
BRDA:679,121,0,2
BRDA:679,121,1,2
BRDA:692,165,0,0
BRDA:692,165,1,2
BRDA:697,179,0,2
BRDA:697,179,1,0
BRDA:697,215,0,0
BRDA:697,215,1,2
BRDA:710,253,0,2
BRDA:710,253,1,2
BRDA:710,279,0,2
BRDA:710,279,1,2
BRDA:725,318,0,0
BRDA:725,318,1,2
BRDA:737,356,0,2
BRDA:737,356,1,2
BRDA:750,400,0,0
BRDA:750,400,1,2
BRDA:755,415,0,2
BRDA:755,415,1,0
BRDA:755,453,0,1
BRDA:755,453,1,1
BRDA:768,492,0,1
BRDA:768,492,1,2
BRDA:768,518,0,2
BRDA:768,518,1,1
BRDA:783,557,0,0
BRDA:783,557,1,1
BRDA:795,595,0,1
BRDA:795,595,1,1
BRDA:808,639,0,0
BRDA:808,639,1,19
BRDA:813,663,0,0
BRDA:813,663,1,19
BRDA:824,700,0,19
BRDA:824,700,1,1
BRDA:824,726,0,19
BRDA:824,726,1,1
BRDA:839,762,0,0
BRDA:839,762,1,1
BRDA:851,800,0,1
BRDA:851,800,1,1
BRDA:864,844,0,0
BRDA:864,844,1,1
BRDA:869,868,0,0
BRDA:869,868,1,1
BRDA:880,905,0,1
BRDA:880,923,0,0
BRDA:880,923,1,1
BRDA:880,905,1,1
BRDA:880,974,0,1
BRDA:880,974,1,1
BRDA:896,1060,1,23
BRDA:896,1023,0,24
BRDA:896,1034,0,23
BRDA:896,1023,1,1
BRDA:896,1034,1,1
BRDA:896,1060,0,1
BRDA:901,1072,0,0
BRDA:901,1072,1,1
BRDA:915,1121,0,0
BRDA:915,1121,1,0
BRDA:920,1145,0,0
BRDA:920,1145,1,0
BRDA:931,1182,0,1
BRDA:931,1192,0,0
BRDA:931,1192,1,1
BRDA:931,1182,1,0
BRDA:931,1220,0,0
BRDA:931,1220,1,1
FN:953,System.Void System.Text.RegularExpressions.Generated.<RegexGenerator_g>FCDDAC93D8B865D3B44BD1D12C4D11C3040EC70CE3B02496D0D885F993C7D695C__ObjectName_4::.ctor()
FNDA:1,System.Void System.Text.RegularExpressions.Generated.<RegexGenerator_g>FCDDAC93D8B865D3B44BD1D12C4D11C3040EC70CE3B02496D0D885F993C7D695C__ObjectName_4::.ctor()
DA:954,1
DA:955,1
DA:956,1
DA:957,1
DA:958,1
DA:959,1
DA:960,1
DA:961,1
DA:962,1
FN:950,System.Void System.Text.RegularExpressions.Generated.<RegexGenerator_g>FCDDAC93D8B865D3B44BD1D12C4D11C3040EC70CE3B02496D0D885F993C7D695C__ObjectName_4::.cctor()
FNDA:1,System.Void System.Text.RegularExpressions.Generated.<RegexGenerator_g>FCDDAC93D8B865D3B44BD1D12C4D11C3040EC70CE3B02496D0D885F993C7D695C__ObjectName_4::.cctor()
DA:951,1
FN:967,System.Text.RegularExpressions.RegexRunner System.Text.RegularExpressions.Generated.<RegexGenerator_g>FCDDAC93D8B865D3B44BD1D12C4D11C3040EC70CE3B02496D0D885F993C7D695C__ObjectName_4/RunnerFactory::CreateInstance()
FNDA:1,System.Text.RegularExpressions.RegexRunner System.Text.RegularExpressions.Generated.<RegexGenerator_g>FCDDAC93D8B865D3B44BD1D12C4D11C3040EC70CE3B02496D0D885F993C7D695C__ObjectName_4/RunnerFactory::CreateInstance()
DA:968,1
FN:975,System.Void System.Text.RegularExpressions.Generated.<RegexGenerator_g>FCDDAC93D8B865D3B44BD1D12C4D11C3040EC70CE3B02496D0D885F993C7D695C__ObjectName_4/RunnerFactory/Runner::Scan(System.ReadOnlySpan`1<System.Char>)
FNDA:212,System.Void System.Text.RegularExpressions.Generated.<RegexGenerator_g>FCDDAC93D8B865D3B44BD1D12C4D11C3040EC70CE3B02496D0D885F993C7D695C__ObjectName_4/RunnerFactory/Runner::Scan(System.ReadOnlySpan`1<System.Char>)
DA:976,212
DA:978,212
DA:979,212
DA:980,212
DA:981,0
DA:982,0
DA:983,0
DA:984,0
DA:985,0
DA:986,0
DA:987,0
DA:988,212
BRDA:978,78,1,0
BRDA:983,25,0,0
BRDA:983,25,1,0
BRDA:978,44,0,174
BRDA:978,53,0,0
BRDA:978,44,1,212
BRDA:978,53,1,212
BRDA:978,78,0,212
FN:993,System.Boolean System.Text.RegularExpressions.Generated.<RegexGenerator_g>FCDDAC93D8B865D3B44BD1D12C4D11C3040EC70CE3B02496D0D885F993C7D695C__ObjectName_4/RunnerFactory/Runner::TryFindNextPossibleStartingPosition(System.ReadOnlySpan`1<System.Char>)
FNDA:212,System.Boolean System.Text.RegularExpressions.Generated.<RegexGenerator_g>FCDDAC93D8B865D3B44BD1D12C4D11C3040EC70CE3B02496D0D885F993C7D695C__ObjectName_4/RunnerFactory/Runner::TryFindNextPossibleStartingPosition(System.ReadOnlySpan`1<System.Char>)
DA:994,212
DA:995,212
DA:998,212
DA:999,212
DA:1002,212
DA:1003,212
DA:1004,174
DA:1005,174
DA:1006,174
DA:1008,38
DA:1011,38
DA:1012,38
DA:1013,212
BRDA:998,20,0,212
BRDA:1003,48,0,174
BRDA:1003,48,1,38
BRDA:998,20,1,38
FN:1018,System.Boolean System.Text.RegularExpressions.Generated.<RegexGenerator_g>FCDDAC93D8B865D3B44BD1D12C4D11C3040EC70CE3B02496D0D885F993C7D695C__ObjectName_4/RunnerFactory/Runner::TryMatchAtCurrentPosition(System.ReadOnlySpan`1<System.Char>)
FNDA:174,System.Boolean System.Text.RegularExpressions.Generated.<RegexGenerator_g>FCDDAC93D8B865D3B44BD1D12C4D11C3040EC70CE3B02496D0D885F993C7D695C__ObjectName_4/RunnerFactory/Runner::TryMatchAtCurrentPosition(System.ReadOnlySpan`1<System.Char>)
DA:1019,174
DA:1020,174
DA:1021,174
DA:1022,174
DA:1023,174
DA:1026,174
DA:1027,174
DA:1028,174
DA:1029,174
DA:1030,0
DA:1031,0
DA:1032,0
DA:1035,174
DA:1036,174
DA:1037,174
DA:1040,0
DA:1041,0
DA:1043,174
DA:1044,174
DA:1045,174
DA:1046,174
DA:1049,174
DA:1050,174
DA:1053,174
DA:1054,0
DA:1055,0
DA:1056,0
DA:1059,174
DA:1060,174
DA:1061,174
DA:1062,174
DA:1065,174
DA:1066,174
DA:1067,174
DA:1078,174
BRDA:1029,43,0,0
BRDA:1029,43,1,174
BRDA:1035,62,0,174
BRDA:1035,62,1,0
BRDA:1053,104,0,174
BRDA:1053,104,1,0
BRDA:1053,129,0,0
BRDA:1053,129,1,174
FN:1071,System.Void System.Text.RegularExpressions.Generated.<RegexGenerator_g>FCDDAC93D8B865D3B44BD1D12C4D11C3040EC70CE3B02496D0D885F993C7D695C__ObjectName_4/RunnerFactory/Runner::<TryMatchAtCurrentPosition>g__UncaptureUntil|2_0(System.Int32)
FNDA:0,System.Void System.Text.RegularExpressions.Generated.<RegexGenerator_g>FCDDAC93D8B865D3B44BD1D12C4D11C3040EC70CE3B02496D0D885F993C7D695C__ObjectName_4/RunnerFactory/Runner::<TryMatchAtCurrentPosition>g__UncaptureUntil|2_0(System.Int32)
DA:1072,0
DA:1073,0
DA:1074,0
DA:1075,0
DA:1076,0
DA:1077,0
BRDA:1073,23,1,0
BRDA:1073,23,0,0
FN:1088,System.Void System.Text.RegularExpressions.Generated.<RegexGenerator_g>FCDDAC93D8B865D3B44BD1D12C4D11C3040EC70CE3B02496D0D885F993C7D695C__Utilities::.cctor()
FNDA:1,System.Void System.Text.RegularExpressions.Generated.<RegexGenerator_g>FCDDAC93D8B865D3B44BD1D12C4D11C3040EC70CE3B02496D0D885F993C7D695C__Utilities::.cctor()
DA:1089,1
DA:1092,1
DA:1095,1
DA:1098,1
DA:1101,1
BRDA:1089,17,0,0
BRDA:1089,17,1,1
FN:41,System.Text.RegularExpressions.Regex Digital.Lib.Net.Core.Extensions.StringUtilities.RegularExpressions::UsernameRegex()
FNDA:0,System.Text.RegularExpressions.Regex Digital.Lib.Net.Core.Extensions.StringUtilities.RegularExpressions::UsernameRegex()
DA:42,0
FN:64,System.Text.RegularExpressions.Regex Digital.Lib.Net.Core.Extensions.StringUtilities.RegularExpressions::EmailRegex()
FNDA:0,System.Text.RegularExpressions.Regex Digital.Lib.Net.Core.Extensions.StringUtilities.RegularExpressions::EmailRegex()
DA:65,0
FN:95,System.Text.RegularExpressions.Regex Digital.Lib.Net.Core.Extensions.StringUtilities.RegularExpressions::PasswordRegex()
FNDA:2,System.Text.RegularExpressions.Regex Digital.Lib.Net.Core.Extensions.StringUtilities.RegularExpressions::PasswordRegex()
DA:96,2
FN:115,System.Text.RegularExpressions.Regex Digital.Lib.Net.Core.Extensions.StringUtilities.RegularExpressions::PascalCase()
FNDA:34,System.Text.RegularExpressions.Regex Digital.Lib.Net.Core.Extensions.StringUtilities.RegularExpressions::PascalCase()
DA:116,34
FN:135,System.Text.RegularExpressions.Regex Digital.Lib.Net.Core.Extensions.StringUtilities.RegularExpressions::ObjectName()
FNDA:38,System.Text.RegularExpressions.Regex Digital.Lib.Net.Core.Extensions.StringUtilities.RegularExpressions::ObjectName()
DA:136,38
FN:22,System.Text.RegularExpressions.Regex Digital.Lib.Net.Core.Extensions.EnumUtilities.EnumValues::MyRegex()
FNDA:0,System.Text.RegularExpressions.Regex Digital.Lib.Net.Core.Extensions.EnumUtilities.EnumValues::MyRegex()
DA:23,0
LF:539
LH:297
BRF:196
BRH:86
FNF:39
FNH:23
end_of_record
SF:C:\Users\BenoitSafari\.sources\digital-net-org\digital-api\Digital.Lib\Digital.Lib.Net.Core\Random\Randomizer.cs
FN:11,System.String Digital.Lib.Net.Core.Random.Randomizer::get_AnyNumber()
FNDA:39,System.String Digital.Lib.Net.Core.Random.Randomizer::get_AnyNumber()
DA:12,39
FN:12,System.String Digital.Lib.Net.Core.Random.Randomizer::get_AnyLetter()
FNDA:19,System.String Digital.Lib.Net.Core.Random.Randomizer::get_AnyLetter()
DA:13,19
FN:13,System.String Digital.Lib.Net.Core.Random.Randomizer::get_AnyLetterOrNumber()
FNDA:16,System.String Digital.Lib.Net.Core.Random.Randomizer::get_AnyLetterOrNumber()
DA:14,16
FN:14,System.String Digital.Lib.Net.Core.Random.Randomizer::get_AnyCharacter()
FNDA:1,System.String Digital.Lib.Net.Core.Random.Randomizer::get_AnyCharacter()
DA:15,1
FN:24,System.String Digital.Lib.Net.Core.Random.Randomizer::GenerateRandomString(System.String,System.Nullable`1<System.Int32>)
FNDA:123,System.String Digital.Lib.Net.Core.Random.Randomizer::GenerateRandomString(System.String,System.Nullable`1<System.Int32>)
DA:25,123
DA:26,123
DA:27,123
DA:28,123
DA:29,123
DA:30,1640
DA:31,123
DA:32,123
BRDA:26,2,0,0
BRDA:26,2,1,123
BRDA:27,26,0,0
BRDA:27,26,1,123
FN:40,System.String Digital.Lib.Net.Core.Random.Randomizer::GenerateRandomEmail(System.String,System.String)
FNDA:16,System.String Digital.Lib.Net.Core.Random.Randomizer::GenerateRandomEmail(System.String,System.String)
DA:41,16
DA:42,16
DA:43,16
DA:44,16
DA:45,16
BRDA:42,2,0,16
BRDA:42,2,1,16
BRDA:43,24,0,16
BRDA:43,24,1,16
FN:52,System.Int32 Digital.Lib.Net.Core.Random.Randomizer::GenerateRandomInt(System.Int32)
FNDA:0,System.Int32 Digital.Lib.Net.Core.Random.Randomizer::GenerateRandomInt(System.Int32)
DA:53,0
FN:60,System.Int32 Digital.Lib.Net.Core.Random.Randomizer::GenerateRandomInt(System.Int32,System.Int32)
FNDA:0,System.Int32 Digital.Lib.Net.Core.Random.Randomizer::GenerateRandomInt(System.Int32,System.Int32)
DA:61,0
LF:19
LH:17
BRF:8
BRH:6
FNF:8
FNH:6
end_of_record
SF:C:\Users\BenoitSafari\.sources\digital-net-org\digital-api\Digital.Lib\Digital.Lib.Net.Core\Predicates\PredicateBuilder.cs
FN:10,System.Linq.Expressions.Expression`1<System.Func`2<T,System.Boolean>> Digital.Lib.Net.Core.Predicates.PredicateBuilder::New()
FNDA:3,System.Linq.Expressions.Expression`1<System.Func`2<T,System.Boolean>> Digital.Lib.Net.Core.Predicates.PredicateBuilder::New()
DA:11,3
FN:21,System.Linq.Expressions.Expression`1<System.Func`2<T,System.Boolean>> Digital.Lib.Net.Core.Predicates.PredicateBuilder::Add(System.Linq.Expressions.Expression`1<System.Func`2<T,System.Boolean>>,System.Linq.Expressions.Expression`1<System.Func`2<T,System.Boolean>>)
FNDA:2,System.Linq.Expressions.Expression`1<System.Func`2<T,System.Boolean>> Digital.Lib.Net.Core.Predicates.PredicateBuilder::Add(System.Linq.Expressions.Expression`1<System.Func`2<T,System.Boolean>>,System.Linq.Expressions.Expression`1<System.Func`2<T,System.Boolean>>)
DA:22,2
DA:23,2
DA:24,2
DA:25,2
LF:5
LH:5
BRF:0
BRH:0
FNF:2
FNH:2
end_of_record
SF:C:\Users\BenoitSafari\.sources\digital-net-org\digital-api\Digital.Lib\Digital.Lib.Net.Core\Models\Mapper.cs
FN:14,TM Digital.Lib.Net.Core.Models.Mapper::TryMap(T)
FNDA:0,TM Digital.Lib.Net.Core.Models.Mapper::TryMap(T)
DA:15,0
DA:16,0
DA:17,0
DA:18,0
BRDA:15,60,0,0
BRDA:15,60,1,0
FN:28,System.Collections.Generic.IEnumerable`1<TM> Digital.Lib.Net.Core.Models.Mapper::TryMap(System.Collections.Generic.List`1<T>)
FNDA:3,System.Collections.Generic.IEnumerable`1<TM> Digital.Lib.Net.Core.Models.Mapper::TryMap(System.Collections.Generic.List`1<T>)
DA:29,3
DA:30,3
DA:31,0
DA:32,3
BRDA:29,55,0,0
BRDA:29,55,1,3
FN:41,TM Digital.Lib.Net.Core.Models.Mapper::Map(T)
FNDA:0,TM Digital.Lib.Net.Core.Models.Mapper::Map(T)
DA:42,0
DA:43,0
DA:44,0
DA:45,0
DA:46,0
DA:47,0
DA:48,0
DA:49,0
DA:50,0
DA:51,0
DA:52,0
DA:53,0
DA:54,0
DA:56,0
DA:57,0
BRDA:46,139,1,0
BRDA:53,91,1,0
BRDA:53,91,0,0
BRDA:46,139,0,0
BRDA:50,22,0,0
BRDA:50,22,1,0
FN:66,System.Collections.Generic.List`1<TM> Digital.Lib.Net.Core.Models.Mapper::Map(System.Collections.Generic.List`1<T>)
FNDA:0,System.Collections.Generic.List`1<TM> Digital.Lib.Net.Core.Models.Mapper::Map(System.Collections.Generic.List`1<T>)
DA:67,0
BRDA:67,7,0,0
BRDA:67,7,1,0
FN:76,TM Digital.Lib.Net.Core.Models.Mapper::MapFromConstructor(T)
FNDA:24,TM Digital.Lib.Net.Core.Models.Mapper::MapFromConstructor(T)
DA:77,24
DA:78,24
DA:79,24
DA:80,24
DA:81,24
DA:82,24
BRDA:79,38,0,0
BRDA:79,38,1,24
FN:91,System.Collections.Generic.List`1<TM> Digital.Lib.Net.Core.Models.Mapper::MapFromConstructor(System.Collections.Generic.List`1<T>)
FNDA:3,System.Collections.Generic.List`1<TM> Digital.Lib.Net.Core.Models.Mapper::MapFromConstructor(System.Collections.Generic.List`1<T>)
DA:92,3
BRDA:92,7,0,1
BRDA:92,7,1,3
LF:31
LH:10
BRF:16
BRH:4
FNF:6
FNH:3
end_of_record
SF:C:\Users\BenoitSafari\.sources\digital-net-org\digital-api\Digital.Lib\Digital.Lib.Net.Core\Messages\Result.cs
FN:7,System.Collections.Generic.List`1<Digital.Lib.Net.Core.Messages.ResultMessage> Digital.Lib.Net.Core.Messages.Result::get_Errors()
FNDA:586,System.Collections.Generic.List`1<Digital.Lib.Net.Core.Messages.ResultMessage> Digital.Lib.Net.Core.Messages.Result::get_Errors()
DA:8,586
FN:8,System.Collections.Generic.List`1<Digital.Lib.Net.Core.Messages.ResultMessage> Digital.Lib.Net.Core.Messages.Result::get_Infos()
FNDA:379,System.Collections.Generic.List`1<Digital.Lib.Net.Core.Messages.ResultMessage> Digital.Lib.Net.Core.Messages.Result::get_Infos()
DA:9,379
FN:10,System.Boolean Digital.Lib.Net.Core.Messages.Result::HasError()
FNDA:122,System.Boolean Digital.Lib.Net.Core.Messages.Result::HasError()
DA:11,122
DA:14,5
DA:15,8
DA:16,5
DA:17,5
BRDA:15,13,0,2
BRDA:15,13,1,5
FN:19,Digital.Lib.Net.Core.Messages.Result Digital.Lib.Net.Core.Messages.Result::Merge(Digital.Lib.Net.Core.Messages.Result)
FNDA:69,Digital.Lib.Net.Core.Messages.Result Digital.Lib.Net.Core.Messages.Result::Merge(Digital.Lib.Net.Core.Messages.Result)
DA:20,69
DA:21,69
DA:22,69
DA:23,69
DA:24,69
FN:26,Digital.Lib.Net.Core.Messages.Result Digital.Lib.Net.Core.Messages.Result::AddError(System.Exception)
FNDA:30,Digital.Lib.Net.Core.Messages.Result Digital.Lib.Net.Core.Messages.Result::AddError(System.Exception)
DA:27,30
DA:28,30
DA:29,30
DA:30,30
FN:32,Digital.Lib.Net.Core.Messages.Result Digital.Lib.Net.Core.Messages.Result::ClearErrors()
FNDA:13,Digital.Lib.Net.Core.Messages.Result Digital.Lib.Net.Core.Messages.Result::ClearErrors()
DA:33,13
DA:34,13
DA:35,13
DA:36,13
FN:38,Digital.Lib.Net.Core.Messages.Result Digital.Lib.Net.Core.Messages.Result::AddInfo(System.String)
FNDA:0,Digital.Lib.Net.Core.Messages.Result Digital.Lib.Net.Core.Messages.Result::AddInfo(System.String)
DA:39,0
DA:40,0
DA:41,0
DA:42,0
FN:44,Digital.Lib.Net.Core.Messages.Result Digital.Lib.Net.Core.Messages.Result::Try(System.Action)
FNDA:0,Digital.Lib.Net.Core.Messages.Result Digital.Lib.Net.Core.Messages.Result::Try(System.Action)
DA:45,0
DA:47,0
DA:48,0
DA:49,0
DA:50,0
DA:51,0
DA:52,0
DA:53,0
DA:55,0
DA:56,0
FN:69,T Digital.Lib.Net.Core.Messages.Result`1::get_Value()
FNDA:364,T Digital.Lib.Net.Core.Messages.Result`1::get_Value()
DA:70,364
FN:72,Digital.Lib.Net.Core.Messages.Result`1<T> Digital.Lib.Net.Core.Messages.Result`1::Merge(Digital.Lib.Net.Core.Messages.Result)
FNDA:32,Digital.Lib.Net.Core.Messages.Result`1<T> Digital.Lib.Net.Core.Messages.Result`1::Merge(Digital.Lib.Net.Core.Messages.Result)
DA:73,32
DA:74,32
DA:75,32
DA:76,32
FN:78,Digital.Lib.Net.Core.Messages.Result`1<T> Digital.Lib.Net.Core.Messages.Result`1::AddError(System.Exception)
FNDA:9,Digital.Lib.Net.Core.Messages.Result`1<T> Digital.Lib.Net.Core.Messages.Result`1::AddError(System.Exception)
DA:79,9
DA:80,9
DA:81,9
DA:82,9
FN:84,Digital.Lib.Net.Core.Messages.Result`1<T> Digital.Lib.Net.Core.Messages.Result`1::AddInfo(System.String)
[...]
FNDA:1,Microsoft.AspNetCore.Mvc.ActionResult`1<Digital.Lib.Net.Core.Messages.Result`1<TDto>> Digital.Lib.Net.Mvc.Controllers.Crud.CrudController`4::GetById(System.String)
DA:27,1
DA:28,1
DA:30,1
DA:31,1
DA:32,0
DA:33,0
DA:35,0
DA:37,1
DA:38,1
BRDA:30,17,0,1
BRDA:30,17,1,0
BRDA:32,51,0,0
BRDA:32,51,1,0
BRDA:37,91,0,1
BRDA:37,91,1,0
FN:82,System.Boolean Digital.Lib.Net.Mvc.Controllers.Crud.CrudController`4::IsGetSchemaExecution()
FNDA:0,System.Boolean Digital.Lib.Net.Mvc.Controllers.Crud.CrudController`4::IsGetSchemaExecution()
DA:83,0
FN:85,System.Boolean Digital.Lib.Net.Mvc.Controllers.Crud.CrudController`4::IsGetExecution()
FNDA:0,System.Boolean Digital.Lib.Net.Mvc.Controllers.Crud.CrudController`4::IsGetExecution()
DA:86,0
FN:88,System.Boolean Digital.Lib.Net.Mvc.Controllers.Crud.CrudController`4::IsPostExecution()
FNDA:0,System.Boolean Digital.Lib.Net.Mvc.Controllers.Crud.CrudController`4::IsPostExecution()
DA:89,0
FN:91,System.Boolean Digital.Lib.Net.Mvc.Controllers.Crud.CrudController`4::IsPatchExecution()
FNDA:0,System.Boolean Digital.Lib.Net.Mvc.Controllers.Crud.CrudController`4::IsPatchExecution()
DA:92,0
FN:94,System.Boolean Digital.Lib.Net.Mvc.Controllers.Crud.CrudController`4::IsDeleteExecution()
FNDA:0,System.Boolean Digital.Lib.Net.Mvc.Controllers.Crud.CrudController`4::IsDeleteExecution()
DA:95,0
FN:12,System.Void Digital.Lib.Net.Mvc.Controllers.Crud.CrudController`4::.ctor(Digital.Lib.Net.Entities.Services.IEntityService`2<T,TContext>)
FNDA:4,System.Void Digital.Lib.Net.Mvc.Controllers.Crud.CrudController`4::.ctor(Digital.Lib.Net.Entities.Services.IEntityService`2<T,TContext>)
DA:13,4
DA:14,4
DA:15,4
FN:68,System.Void Digital.Lib.Net.Mvc.Controllers.Crud.CrudController`4/<Delete>d__6::MoveNext()
FNDA:0,System.Void Digital.Lib.Net.Mvc.Controllers.Crud.CrudController`4/<Delete>d__6::MoveNext()
DA:69,0
DA:70,0
DA:72,0
DA:73,0
DA:74,0
DA:75,0
DA:77,0
DA:79,0
DA:80,0
BRDA:72,56,0,0
BRDA:72,56,1,0
BRDA:74,229,0,0
BRDA:74,229,1,0
BRDA:79,409,0,0
BRDA:79,409,1,0
FN:48,System.Void Digital.Lib.Net.Mvc.Controllers.Crud.CrudController`4/<Patch>d__5::MoveNext()
FNDA:0,System.Void Digital.Lib.Net.Mvc.Controllers.Crud.CrudController`4/<Patch>d__5::MoveNext()
DA:49,0
DA:50,0
DA:52,0
DA:53,0
DA:54,0
DA:55,0
DA:57,0
DA:59,0
DA:60,0
DA:61,0
DA:62,0
DA:64,0
DA:65,0
BRDA:52,59,0,0
BRDA:52,59,1,0
BRDA:54,243,0,0
BRDA:54,243,1,0
BRDA:59,434,0,0
BRDA:59,434,1,0
BRDA:59,454,0,0
BRDA:59,454,1,0
BRDA:61,492,0,0
BRDA:61,492,1,0
BRDA:61,512,0,0
BRDA:61,512,1,0
FN:41,System.Void Digital.Lib.Net.Mvc.Controllers.Crud.CrudController`4/<Post>d__4::MoveNext()
FNDA:0,System.Void Digital.Lib.Net.Mvc.Controllers.Crud.CrudController`4/<Post>d__4::MoveNext()
DA:42,0
DA:43,0
DA:44,0
DA:45,0
BRDA:44,167,0,0
BRDA:44,167,1,0
LF:44
LH:9
BRF:26
BRH:2
FNF:11
FNH:2
end_of_record
SF:C:\Users\BenoitSafari\.sources\digital-net-org\digital-api\Digital.Lib\Digital.Lib.Net.Sdk\DigitalSdkInjector.cs
FN:25,Microsoft.AspNetCore.Builder.WebApplicationBuilder Digital.Lib.Net.Sdk.DigitalSdkInjector::AddDigitalSdk(Microsoft.AspNetCore.Builder.WebApplicationBuilder)
FNDA:9,Microsoft.AspNetCore.Builder.WebApplicationBuilder Digital.Lib.Net.Sdk.DigitalSdkInjector::AddDigitalSdk(Microsoft.AspNetCore.Builder.WebApplicationBuilder)
DA:26,9
DA:27,9
DA:28,9
DA:29,9
DA:30,9
DA:31,9
DA:32,9
DA:33,9
DA:34,9
DA:35,9
DA:36,9
DA:37,9
DA:38,9
DA:39,9
DA:40,9
DA:41,9
DA:42,9
FN:44,System.Void Digital.Lib.Net.Sdk.DigitalSdkInjector::SetAppDefaults(Microsoft.AspNetCore.Builder.WebApplicationBuilder)
FNDA:9,System.Void Digital.Lib.Net.Sdk.DigitalSdkInjector::SetAppDefaults(Microsoft.AspNetCore.Builder.WebApplicationBuilder)
DA:45,9
DA:46,9
DA:47,9
DA:48,9
BRDA:45,17,0,0
BRDA:45,17,1,9
LF:21
LH:21
BRF:2
BRH:1
FNF:2
FNH:2
end_of_record
SF:C:\Users\BenoitSafari\.sources\digital-net-org\digital-api\Digital.Lib\Digital.Lib.Net.Sdk\Services\Options\ApplicationDefaults.cs
FN:8,System.Void Digital.Lib.Net.Sdk.Services.Options.ApplicationDefaults::.cctor()
FNDA:1,System.Void Digital.Lib.Net.Sdk.Services.Options.ApplicationDefaults::.cctor()
DA:9,1
DA:10,1
DA:11,1
DA:12,1
DA:13,1
DA:14,1
DA:15,1
LF:7
LH:7
BRF:0
BRH:0
FNF:1
FNH:1
end_of_record
SF:C:\Users\BenoitSafari\.sources\digital-net-org\digital-api\Digital.Lib\Digital.Lib.Net.Sdk\Services\Options\ApplicationSettings.cs
FN:25,Microsoft.Extensions.Configuration.IConfigurationBuilder Digital.Lib.Net.Sdk.Services.Options.ApplicationSettings::AddAppSettings(Microsoft.Extensions.Configuration.IConfigurationBuilder)
FNDA:18,Microsoft.Extensions.Configuration.IConfigurationBuilder Digital.Lib.Net.Sdk.Services.Options.ApplicationSettings::AddAppSettings(Microsoft.Extensions.Configuration.IConfigurationBuilder)
DA:26,18
DA:27,18
DA:28,18
DA:29,18
FN:31,Microsoft.AspNetCore.Builder.WebApplicationBuilder Digital.Lib.Net.Sdk.Services.Options.ApplicationSettings::ValidateApplicationSettings(Microsoft.AspNetCore.Builder.WebApplicationBuilder)
FNDA:9,Microsoft.AspNetCore.Builder.WebApplicationBuilder Digital.Lib.Net.Sdk.Services.Options.ApplicationSettings::ValidateApplicationSettings(Microsoft.AspNetCore.Builder.WebApplicationBuilder)
DA:32,9
DA:33,9
DA:34,9
DA:35,9
DA:36,9
DA:37,9
DA:39,63
DA:40,18
DA:41,18
DA:42,18
DA:43,0
DA:44,18
DA:46,9
DA:47,9
BRDA:39,94,1,18
BRDA:42,66,0,0
BRDA:42,66,1,18
BRDA:39,94,0,9
LF:18
LH:17
BRF:4
BRH:3
FNF:2
FNH:2
end_of_record
SF:C:\Users\BenoitSafari\.sources\digital-net-org\digital-api\Digital.Lib\Digital.Lib.Net.Sdk\Services\Options\AppOptionService.cs
FN:18,System.Void Digital.Lib.Net.Sdk.Services.Options.AppOptionService::SettingsInit()
FNDA:9,System.Void Digital.Lib.Net.Sdk.Services.Options.AppOptionService::SettingsInit()
DA:19,9
DA:20,99
DA:21,36
DA:22,36
DA:23,36
DA:24,36
DA:25,36
DA:27,36
DA:28,0
DA:30,36
DA:31,36
DA:32,36
DA:33,36
DA:34,36
DA:35,36
DA:36,36
DA:38,36
DA:39,36
DA:40,9
BRDA:20,305,1,36
BRDA:27,195,1,36
BRDA:30,212,0,36
BRDA:30,212,1,36
BRDA:27,195,0,45
BRDA:20,305,0,9
FN:42,T Digital.Lib.Net.Sdk.Services.Options.AppOptionService::Get(Digital.Lib.Net.Sdk.Services.Options.OptionAccessor)
FNDA:122,T Digital.Lib.Net.Sdk.Services.Options.AppOptionService::Get(Digital.Lib.Net.Sdk.Services.Options.OptionAccessor)
DA:43,122
DA:44,122
DA:45,122
DA:46,0
DA:48,122
DA:49,122
BRDA:45,175,0,0
BRDA:45,175,1,122
FN:11,System.Void Digital.Lib.Net.Sdk.Services.Options.AppOptionService::.ctor(Microsoft.Extensions.Logging.ILogger`1<Digital.Lib.Net.Sdk.Services.Options.AppOptionService>,Microsoft.Extensions.Configuration.IConfiguration,Digital.Lib.Net.Entities.Repositories.IRepository`2<Digital.Lib.Net.Entities.Models.ApplicationOptions.ApplicationOption,Digital.Lib.Net.Entities.Context.DigitalContext>)
FNDA:57,System.Void Digital.Lib.Net.Sdk.Services.Options.AppOptionService::.ctor(Microsoft.Extensions.Logging.ILogger`1<Digital.Lib.Net.Sdk.Services.Options.AppOptionService>,Microsoft.Extensions.Configuration.IConfiguration,Digital.Lib.Net.Entities.Repositories.IRepository`2<Digital.Lib.Net.Entities.Models.ApplicationOptions.ApplicationOption,Digital.Lib.Net.Entities.Context.DigitalContext>)
DA:12,57
DA:13,57
DA:14,57
DA:15,57
DA:16,57
LF:30
LH:28
BRF:8
BRH:7
FNF:3
FNH:3
end_of_record
SF:C:\Users\BenoitSafari\.sources\digital-net-org\digital-api\Digital.Lib\Digital.Lib.Net.Sdk\Bootstrap\ContextInjector.cs
FN:12,Microsoft.AspNetCore.Builder.WebApplicationBuilder Digital.Lib.Net.Sdk.Bootstrap.ContextInjector::AddDatabaseContext(Microsoft.AspNetCore.Builder.WebApplicationBuilder)
FNDA:9,Microsoft.AspNetCore.Builder.WebApplicationBuilder Digital.Lib.Net.Sdk.Bootstrap.ContextInjector::AddDatabaseContext(Microsoft.AspNetCore.Builder.WebApplicationBuilder)
DA:13,9
DA:14,9
DA:15,9
DA:17,9
DA:18,75
DA:19,75
DA:20,75
DA:21,9
DA:22,0
DA:23,84
DA:25,9
DA:26,9
DA:27,9
DA:28,9
BRDA:26,101,0,0
BRDA:26,101,1,9
BRDA:19,9,0,75
BRDA:19,9,1,0
FN:31,System.Void Digital.Lib.Net.Sdk.Bootstrap.ContextInjector/<ApplyMigrationsAsync>d__1`1::MoveNext()
FNDA:9,System.Void Digital.Lib.Net.Sdk.Bootstrap.ContextInjector/<ApplyMigrationsAsync>d__1`1::MoveNext()
DA:32,9
DA:33,9
DA:34,9
DA:36,0
DA:37,0
DA:38,0
DA:39,9
BRDA:33,38,0,9
BRDA:33,38,1,0
LF:21
LH:17
BRF:6
BRH:3
FNF:2
FNH:2
end_of_record
SF:C:\Users\BenoitSafari\.sources\digital-net-org\digital-api\Digital.Lib\Digital.Lib.Net.Sdk\Bootstrap\CorsPolicyInjector.cs
FN:16,Microsoft.AspNetCore.Builder.WebApplicationBuilder Digital.Lib.Net.Sdk.Bootstrap.CorsPolicyInjector::AddDefaultCorsPolicy(Microsoft.AspNetCore.Builder.WebApplicationBuilder)
FNDA:9,Microsoft.AspNetCore.Builder.WebApplicationBuilder Digital.Lib.Net.Sdk.Bootstrap.CorsPolicyInjector::AddDefaultCorsPolicy(Microsoft.AspNetCore.Builder.WebApplicationBuilder)
DA:17,9
DA:18,9
DA:19,9
DA:20,9
DA:21,9
DA:22,9
DA:23,9
DA:25,9
DA:26,9
DA:27,9
DA:28,9
DA:30,9
DA:31,9
DA:32,9
DA:33,9
DA:34,9
DA:35,9
DA:36,9
DA:37,9
DA:38,9
DA:39,18
DA:40,18
DA:42,9
DA:43,9
BRDA:25,94,0,9
BRDA:25,94,1,9
BRDA:32,9,0,9
BRDA:32,9,1,9
LF:24
LH:24
BRF:4
BRH:4
FNF:1
FNH:1
end_of_record
SF:C:\Users\BenoitSafari\.sources\digital-net-org\digital-api\Digital.Lib\Digital.Lib.Net.Sdk\Bootstrap\ForwardedHeadersInjector.cs
FN:9,Microsoft.AspNetCore.Builder.WebApplicationBuilder Digital.Lib.Net.Sdk.Bootstrap.ForwardedHeadersInjector::SetForwardedHeaders(Microsoft.AspNetCore.Builder.WebApplicationBuilder)
FNDA:9,Microsoft.AspNetCore.Builder.WebApplicationBuilder Digital.Lib.Net.Sdk.Bootstrap.ForwardedHeadersInjector::SetForwardedHeaders(Microsoft.AspNetCore.Builder.WebApplicationBuilder)
DA:10,9
DA:11,9
DA:12,0
DA:13,0
DA:14,0
DA:15,0
DA:16,9
DA:17,9
DA:18,9
LF:9
LH:5
BRF:0
BRH:0
FNF:1
FNH:1
end_of_record
SF:C:\Users\BenoitSafari\.sources\digital-net-org\digital-api\Digital.Lib\Digital.Lib.Net.Sdk\Bootstrap\RateLimiterInjector.cs
FN:10,Microsoft.AspNetCore.Builder.WebApplicationBuilder Digital.Lib.Net.Sdk.Bootstrap.RateLimiterInjector::AddRateLimiter(Microsoft.AspNetCore.Builder.WebApplicationBuilder)
FNDA:9,Microsoft.AspNetCore.Builder.WebApplicationBuilder Digital.Lib.Net.Sdk.Bootstrap.RateLimiterInjector::AddRateLimiter(Microsoft.AspNetCore.Builder.WebApplicationBuilder)
DA:11,9
DA:12,9
DA:13,9
DA:14,9
DA:15,9
DA:16,9
DA:17,9
DA:18,9
DA:19,9
DA:20,9
DA:21,18
DA:22,18
DA:23,9
DA:24,9
LF:14
LH:14
BRF:0
BRH:0
FNF:1
FNH:1
end_of_record
SF:C:\Users\BenoitSafari\.sources\digital-net-org\digital-api\Digital.Lib\Digital.Lib.Net.Sdk\Bootstrap\SwaggerInjector.cs
FN:15,Microsoft.AspNetCore.Builder.WebApplicationBuilder Digital.Lib.Net.Sdk.Bootstrap.SwaggerInjector::AddSwagger(Microsoft.AspNetCore.Builder.WebApplicationBuilder,System.String,System.String)
FNDA:9,Microsoft.AspNetCore.Builder.WebApplicationBuilder Digital.Lib.Net.Sdk.Bootstrap.SwaggerInjector::AddSwagger(Microsoft.AspNetCore.Builder.WebApplicationBuilder,System.String,System.String)
DA:16,9
DA:17,9
DA:18,9
DA:20,0
DA:21,0
DA:22,0
DA:23,0
DA:24,0
DA:25,0
DA:26,0
DA:27,0
DA:28,0
DA:29,0
DA:30,0
DA:31,0
DA:32,0
DA:33,0
DA:34,0
DA:35,0
DA:36,0
DA:37,0
DA:38,0
DA:39,0
DA:40,9
BRDA:17,31,0,9
BRDA:17,31,1,0
BRDA:28,29,0,0
BRDA:28,29,1,0
BRDA:31,36,0,0
BRDA:31,36,1,0
BRDA:31,54,0,0
BRDA:31,54,1,0
FN:46,Microsoft.AspNetCore.Builder.IApplicationBuilder Digital.Lib.Net.Sdk.Bootstrap.SwaggerInjector::UseSwaggerPage(Microsoft.AspNetCore.Builder.IApplicationBuilder,System.String,System.String)
FNDA:9,Microsoft.AspNetCore.Builder.IApplicationBuilder Digital.Lib.Net.Sdk.Bootstrap.SwaggerInjector::UseSwaggerPage(Microsoft.AspNetCore.Builder.IApplicationBuilder,System.String,System.String)
DA:47,9
DA:48,9
DA:49,0
DA:50,0
DA:51,0
DA:52,0
DA:53,0
DA:54,0
DA:55,0
DA:56,0
DA:57,9
DA:58,9
BRDA:48,28,0,0
BRDA:48,28,1,9
LF:36
LH:8
BRF:10
BRH:2
FNF:2
FNH:2
end_of_record
SF:C:\Users\BenoitSafari\.nuget\packages\microsoft.net.test.sdk\17.12.0\build\netcoreapp3.1\Microsoft.NET.Test.Sdk.Program.cs
FN:3,System.Void AutoGeneratedProgram::Main(System.String[])
FNDA:0,System.Void AutoGeneratedProgram::Main(System.String[])
DA:4,0
LF:1
LH:0
BRF:0
BRH:0
FNF:1
FNH:0
end_of_record
SF:C:\Users\BenoitSafari\.sources\digital-net-org\digital-api\Digital.Lib\Digital.Lib.Net.TestTools\UnitTest.cs
FN:6,System.Void Digital.Lib.Net.TestTools.UnitTest::.ctor()
FNDA:22,System.Void Digital.Lib.Net.TestTools.UnitTest::.ctor()
DA:7,22
DA:8,22
DA:9,22
DA:10,22
LF:4
LH:4
BRF:0
BRH:0
FNF:1
FNH:1
end_of_record
SF:C:\Users\BenoitSafari\.sources\digital-net-org\digital-api\Digital.Lib\Digital.Lib.Net.TestTools\Integration\AppFactory.cs
FN:10,System.Void Digital.Lib.Net.TestTools.Integration.AppFactory`1::ConfigureWebHost(Microsoft.AspNetCore.Hosting.IWebHostBuilder)
FNDA:9,System.Void Digital.Lib.Net.TestTools.Integration.AppFactory`1::ConfigureWebHost(Microsoft.AspNetCore.Hosting.IWebHostBuilder)
DA:11,9
DA:12,9
DA:13,9
LF:3
LH:3
BRF:0
BRH:0
FNF:1
FNH:1
end_of_record
SF:C:\Users\BenoitSafari\.sources\digital-net-org\digital-api\Digital.Lib\Digital.Lib.Net.TestTools\Integration\AppFactorySettings.cs
FN:10,System.String Digital.Lib.Net.TestTools.Integration.AppFactorySettings::get_DbPath()
FNDA:39,System.String Digital.Lib.Net.TestTools.Integration.AppFactorySettings::get_DbPath()
DA:11,39
DA:12,39
DA:13,39
DA:14,39
FN:15,System.Collections.Generic.Dictionary`2<System.String,System.String> Digital.Lib.Net.TestTools.Integration.AppFactorySettings::get_TestSettings()
FNDA:39,System.Collections.Generic.Dictionary`2<System.String,System.String> Digital.Lib.Net.TestTools.Integration.AppFactorySettings::get_TestSettings()
DA:16,39
DA:17,39
DA:18,39
DA:19,39
DA:20,39
DA:21,39
FN:23,Microsoft.AspNetCore.Hosting.IWebHostBuilder Digital.Lib.Net.TestTools.Integration.AppFactorySettings::UseTestConfiguration(Microsoft.AspNetCore.Hosting.IWebHostBuilder)
FNDA:9,Microsoft.AspNetCore.Hosting.IWebHostBuilder Digital.Lib.Net.TestTools.Integration.AppFactorySettings::UseTestConfiguration(Microsoft.AspNetCore.Hosting.IWebHostBuilder)
DA:24,9
DA:25,9
DA:26,9
DA:27,9
DA:28,9
DA:29,9
DA:30,9
DA:31,9
FN:33,Microsoft.AspNetCore.Hosting.IWebHostBuilder Digital.Lib.Net.TestTools.Integration.AppFactorySettings::UseTestEnvironment(Microsoft.AspNetCore.Hosting.IWebHostBuilder)
FNDA:9,Microsoft.AspNetCore.Hosting.IWebHostBuilder Digital.Lib.Net.TestTools.Integration.AppFactorySettings::UseTestEnvironment(Microsoft.AspNetCore.Hosting.IWebHostBuilder)
DA:34,9
DA:35,9
DA:36,9
DA:37,9
LF:22
LH:22
BRF:0
BRH:0
FNF:4
FNH:4
end_of_record
SF:C:\Users\BenoitSafari\.sources\digital-net-org\digital-api\Digital.Lib\Digital.Lib.Net.TestTools\Integration\IntegrationTest.cs
FN:15,System.Net.Http.HttpClient Digital.Lib.Net.TestTools.Integration.IntegrationTest`1::get_BaseClient()
FNDA:44,System.Net.Http.HttpClient Digital.Lib.Net.TestTools.Integration.IntegrationTest`1::get_BaseClient()
DA:16,44
FN:16,System.Collections.Generic.List`1<System.Net.Http.HttpClient> Digital.Lib.Net.TestTools.Integration.IntegrationTest`1::get_ClientPool()
FNDA:2,System.Collections.Generic.List`1<System.Net.Http.HttpClient> Digital.Lib.Net.TestTools.Integration.IntegrationTest`1::get_ClientPool()
DA:17,2
FN:25,TService Digital.Lib.Net.TestTools.Integration.IntegrationTest`1::GetService()
FNDA:0,TService Digital.Lib.Net.TestTools.Integration.IntegrationTest`1::GetService()
DA:26,0
FN:30,Digital.Lib.Net.Entities.Repositories.IRepository`2<TEntity,TContext> Digital.Lib.Net.TestTools.Integration.IntegrationTest`1::GetRepository()
FNDA:67,Digital.Lib.Net.Entities.Repositories.IRepository`2<TEntity,TContext> Digital.Lib.Net.TestTools.Integration.IntegrationTest`1::GetRepository()
DA:31,67
DA:32,67
DA:33,67
DA:34,67
FN:36,System.Net.Http.HttpClient Digital.Lib.Net.TestTools.Integration.IntegrationTest`1::CreateClient()
FNDA:1,System.Net.Http.HttpClient Digital.Lib.Net.TestTools.Integration.IntegrationTest`1::CreateClient()
DA:37,1
DA:38,1
DA:39,1
DA:40,1
DA:41,1
FN:43,System.Void Digital.Lib.Net.TestTools.Integration.IntegrationTest`1::CreateClient(System.Int32)
FNDA:1,System.Void Digital.Lib.Net.TestTools.Integration.IntegrationTest`1::CreateClient(System.Int32)
DA:44,1
DA:45,14
DA:46,6
DA:47,1
BRDA:45,38,1,6
BRDA:45,38,0,1
FN:49,System.Void Digital.Lib.Net.TestTools.Integration.IntegrationTest`1::Dispose()
FNDA:22,System.Void Digital.Lib.Net.TestTools.Integration.IntegrationTest`1::Dispose()
DA:50,22
DA:51,124
DA:52,29
DA:54,22
DA:55,22
BRDA:51,38,1,29
BRDA:51,38,0,22
FN:12,System.Void Digital.Lib.Net.TestTools.Integration.IntegrationTest`1::.ctor(Digital.Lib.Net.TestTools.Integration.AppFactory`1<T>)
FNDA:22,System.Void Digital.Lib.Net.TestTools.Integration.IntegrationTest`1::.ctor(Digital.Lib.Net.TestTools.Integration.AppFactory`1<T>)
DA:13,22
DA:19,22
DA:20,22
DA:21,22
DA:22,22
DA:23,22
LF:27
LH:26
BRF:4
BRH:4
FNF:8
FNH:7
end_of_record
SF:C:\Users\BenoitSafari\.sources\digital-net-org\digital-api\Digital.Lib\Digital.Lib.Net.TestTools\Data\SqliteInMemoryHelper.cs
FN:8,Microsoft.Data.Sqlite.SqliteConnection Digital.Lib.Net.TestTools.Data.SqliteInMemoryHelper::GetConnection()
FNDA:0,Microsoft.Data.Sqlite.SqliteConnection Digital.Lib.Net.TestTools.Data.SqliteInMemoryHelper::GetConnection()
DA:9,0
DA:10,0
DA:11,0
DA:12,0
DA:13,0
FN:15,T Digital.Lib.Net.TestTools.Data.SqliteInMemoryHelper::CreateContext(Microsoft.Data.Sqlite.SqliteConnection)
FNDA:0,T Digital.Lib.Net.TestTools.Data.SqliteInMemoryHelper::CreateContext(Microsoft.Data.Sqlite.SqliteConnection)
DA:16,0
DA:17,0
DA:18,0
DA:19,0
DA:20,0
DA:21,0
BRDA:18,55,0,0
BRDA:18,55,1,0
LF:11
LH:0
BRF:2
BRH:0
FNF:2
FNH:0
end_of_record
SF:C:\Users\BenoitSafari\.sources\digital-net-org\digital-api\Digital.Lib\Digital.Lib.Net.TestTools\Data\Factories\DataFactory.cs
FN:21,T Digital.Lib.Net.TestTools.Data.Factories.DataFactory`2::Create(T)
FNDA:0,T Digital.Lib.Net.TestTools.Data.Factories.DataFactory`2::Create(T)
DA:22,0
DA:23,0
DA:24,0
DA:25,0
DA:26,0
DA:27,0
DA:28,0
DA:29,0
DA:30,0
DA:31,0
DA:32,0
DA:33,0
BRDA:23,7,0,0
BRDA:23,7,1,0
BRDA:28,76,0,0
BRDA:28,76,1,0
BRDA:30,114,0,0
BRDA:30,114,1,0
BRDA:32,142,0,0
BRDA:32,142,1,0
FN:60,System.Collections.Generic.List`1<T> Digital.Lib.Net.TestTools.Data.Factories.DataFactory`2::CreateMany(System.Int32)
FNDA:0,System.Collections.Generic.List`1<T> Digital.Lib.Net.TestTools.Data.Factories.DataFactory`2::CreateMany(System.Int32)
DA:61,0
DA:62,0
DA:63,0
DA:64,0
DA:65,0
DA:66,0
BRDA:63,43,1,0
BRDA:63,43,0,0
FN:84,System.Void Digital.Lib.Net.TestTools.Data.Factories.DataFactory`2::Dispose()
FNDA:0,System.Void Digital.Lib.Net.TestTools.Data.Factories.DataFactory`2::Dispose()
DA:85,0
DA:86,0
DA:87,0
DA:89,0
DA:90,0
BRDA:86,44,1,0
BRDA:86,44,0,0
FN:6,System.Void Digital.Lib.Net.TestTools.Data.Factories.DataFactory`2::.ctor(TContext)
FNDA:0,System.Void Digital.Lib.Net.TestTools.Data.Factories.DataFactory`2::.ctor(TContext)
DA:7,0
DA:11,0
DA:13,0
FN:41,System.Void Digital.Lib.Net.TestTools.Data.Factories.DataFactory`2/<CreateAsync>d__4::MoveNext()
FNDA:0,System.Void Digital.Lib.Net.TestTools.Data.Factories.DataFactory`2/<CreateAsync>d__4::MoveNext()
DA:42,0
DA:43,0
DA:44,0
DA:45,0
DA:46,0
DA:47,0
DA:48,0
DA:49,0
DA:50,0
DA:51,0
DA:52,0
DA:53,0
BRDA:43,60,0,0
BRDA:43,60,1,0
BRDA:48,360,0,0
BRDA:48,360,1,0
BRDA:50,540,0,0
BRDA:50,540,1,0
BRDA:52,706,0,0
BRDA:52,706,1,0
FN:73,System.Void Digital.Lib.Net.TestTools.Data.Factories.DataFactory`2/<CreateManyAsync>d__6::MoveNext()
FNDA:0,System.Void Digital.Lib.Net.TestTools.Data.Factories.DataFactory`2/<CreateManyAsync>d__6::MoveNext()
DA:74,0
DA:75,0
DA:76,0
DA:77,0
DA:78,0
DA:79,0
BRDA:76,239,1,0
BRDA:76,239,0,0
LF:44
LH:0
BRF:22
BRH:0
FNF:6
FNH:0
end_of_record
SF:C:\Users\BenoitSafari\.sources\digital-net-org\digital-api\Digital.Lib\Digital.Lib.Net.TestTools\Data\Factories\DataFactoryUtils.cs
FN:5,System.Object Digital.Lib.Net.TestTools.Data.Factories.DataFactoryUtils::ResolveId(T)
FNDA:0,System.Object Digital.Lib.Net.TestTools.Data.Factories.DataFactoryUtils::ResolveId(T)
DA:6,0
DA:7,0
DA:8,0
DA:9,0
DA:11,0
DA:12,0
DA:13,0
DA:15,0
DA:16,0
BRDA:8,23,0,0
BRDA:8,23,1,0
BRDA:9,36,0,0
BRDA:9,36,1,0
BRDA:11,55,0,0
BRDA:11,58,0,0
BRDA:11,76,0,0
BRDA:11,76,1,0
BRDA:11,55,1,0
BRDA:11,58,1,0
BRDA:11,102,0,0
BRDA:11,102,1,0
LF:9
LH:0
BRF:12
BRH:0
FNF:1
FNH:0
end_of_record